\BOOKMARK [0][-]{chapter.1}{\376\377\000I\000n\000d\000e\000k\000s\000\040\000p\000r\000z\000e\000s\000t\000r\000z\000e\000n\000i\000\040\000n\000a\000z\000w}{}
\BOOKMARK [1][-]{section.1.1}{\376\377\000L\000i\000s\000t\000a\000\040\000P\000a\000k\000i\000e\000t\000\363\000w}{chapter.1}
\BOOKMARK [0][-]{chapter.2}{\376\377\000I\000n\000d\000e\000k\000s\000\040\000k\000l\000a\000s}{}
\BOOKMARK [1][-]{section.2.1}{\376\377\000H\000i\000e\000r\000a\000r\000c\000h\000i\000a\000\040\000k\000l\000a\000s}{chapter.2}
\BOOKMARK [0][-]{chapter.3}{\376\377\000I\000n\000d\000e\000k\000s\000\040\000k\000l\000a\000s}{}
\BOOKMARK [1][-]{section.3.1}{\376\377\000L\000i\000s\000t\000a\000\040\000k\000l\000a\000s}{chapter.3}
\BOOKMARK [0][-]{chapter.4}{\376\377\000I\000n\000d\000e\000k\000s\000\040\000p\000l\000i\000k\000\363\000w}{}
\BOOKMARK [1][-]{section.4.1}{\376\377\000L\000i\000s\000t\000a\000\040\000p\000l\000i\000k\000\363\000w}{chapter.4}
\BOOKMARK [0][-]{chapter.5}{\376\377\000D\000o\000k\000u\000m\000e\000n\000t\000a\000c\000j\000a\000\040\000p\000r\000z\000e\000s\000t\000r\000z\000e\000n\000i\000\040\000n\000a\000z\000w}{}
\BOOKMARK [1][-]{section.5.1}{\376\377\000P\000a\000k\000i\000e\000t\000\040\000A\000S\000S\0008}{chapter.5}
\BOOKMARK [1][-]{section.5.2}{\376\377\000P\000a\000k\000i\000e\000t\000\040\000A\000S\000S\0008\000.\000K\000l\000i\000e\000n\000t}{chapter.5}
\BOOKMARK [1][-]{section.5.3}{\376\377\000P\000a\000k\000i\000e\000t\000\040\000A\000S\000S\0008\000.\000K\000l\000i\000e\000n\000t\000.\000P\000r\000o\000p\000e\000r\000t\000i\000e\000s}{chapter.5}
\BOOKMARK [0][-]{chapter.6}{\376\377\000D\000o\000k\000u\000m\000e\000n\000t\000a\000c\000j\000a\000\040\000k\000l\000a\000s}{}
\BOOKMARK [1][-]{section.6.1}{\376\377\000D\000o\000k\000u\000m\000e\000n\000t\000a\000c\000j\000a\000\040\000k\000l\000a\000s\000y\000\040\000A\000S\000S\0008\000.\000K\000l\000i\000e\000n\000t\000.\000A\000S\000S\0008\000\137\000\137\000\137\000L\000o\000g\000o\000w\000a\000n\000i\000e}{chapter.6}
\BOOKMARK [2][-]{subsection.6.1.1}{\376\377\000O\000p\000i\000s\000\040\000s\000z\000c\000z\000e\000g\000\363\001\102\000o\000w\000y}{section.6.1}
\BOOKMARK [2][-]{subsection.6.1.2}{\376\377\000D\000o\000k\000u\000m\000e\000n\000t\000a\000c\000j\000a\000\040\000k\000o\000n\000s\000t\000r\000u\000k\000t\000o\000r\000a\000\040\000i\000\040\000d\000e\000s\000t\000r\000u\000k\000t\000o\000r\000a}{section.6.1}
\BOOKMARK [3][-]{subsubsection.6.1.2.1}{\376\377\000A\000S\000S\0008\000\137\000\137\000\137\000L\000o\000g\000o\000w\000a\000n\000i\000e}{subsection.6.1.2}
\BOOKMARK [2][-]{subsection.6.1.3}{\376\377\000D\000o\000k\000u\000m\000e\000n\000t\000a\000c\000j\000a\000\040\000f\000u\000n\000k\000c\000j\000i\000\040\000s\000k\001\102\000a\000d\000o\000w\000y\000c\000h}{section.6.1}
\BOOKMARK [3][-]{subsubsection.6.1.3.1}{\376\377\000b\000t\000n\000L\000o\000g\000u\000j\000\137\000C\000l\000i\000c\000k}{subsection.6.1.3}
\BOOKMARK [3][-]{subsubsection.6.1.3.2}{\376\377\000b\000u\000t\000t\000o\000n\0001\000\137\000C\000l\000i\000c\000k}{subsection.6.1.3}
\BOOKMARK [3][-]{subsubsection.6.1.3.3}{\376\377\000b\000u\000t\000t\000o\000n\0002\000\137\000C\000l\000i\000c\000k}{subsection.6.1.3}
\BOOKMARK [3][-]{subsubsection.6.1.3.4}{\376\377\000h\000a\000s\000h\000u\000j}{subsection.6.1.3}
\BOOKMARK [3][-]{subsubsection.6.1.3.5}{\376\377\000z\000m\000i\000a\000n\000a\000P\000r\000o\000x\000y}{subsection.6.1.3}
\BOOKMARK [3][-]{subsubsection.6.1.3.6}{\376\377\000z\000m\000i\000a\000n\000a\000S\000e\000r\000w\000e\000r\000a}{subsection.6.1.3}
\BOOKMARK [2][-]{subsection.6.1.4}{\376\377\000D\000o\000k\000u\000m\000e\000n\000t\000a\000c\000j\000a\000\040\000a\000t\000r\000y\000b\000u\000t\000\363\000w\000\040\000s\000k\001\102\000a\000d\000o\000w\000y\000c\000h}{section.6.1}
\BOOKMARK [3][-]{subsubsection.6.1.4.1}{\376\377\000h\000a\000s\000l\000o\000P\000r\000o\000x\000y}{subsection.6.1.4}
\BOOKMARK [3][-]{subsubsection.6.1.4.2}{\376\377\000k}{subsection.6.1.4}
\BOOKMARK [3][-]{subsubsection.6.1.4.3}{\376\377\000l\000o\000g\000i\000n\000P\000r\000o\000x\000y}{subsection.6.1.4}
\BOOKMARK [3][-]{subsubsection.6.1.4.4}{\376\377\000n\000a\000m\000e\000s}{subsection.6.1.4}
\BOOKMARK [3][-]{subsubsection.6.1.4.5}{\376\377\000p\000o\000r\000t}{subsection.6.1.4}
\BOOKMARK [3][-]{subsubsection.6.1.4.6}{\376\377\000p\000o\000r\000t\000P\000r\000o\000x\000y}{subsection.6.1.4}
\BOOKMARK [3][-]{subsubsection.6.1.4.7}{\376\377\000p\000r\000o\000x\000y}{subsection.6.1.4}
\BOOKMARK [3][-]{subsubsection.6.1.4.8}{\376\377\000s\000e\000r\000w\000e\000r}{subsection.6.1.4}
\BOOKMARK [3][-]{subsubsection.6.1.4.9}{\376\377\000s\000e\000r\000w\000e\000r\000P\000r\000o\000x\000y}{subsection.6.1.4}
\BOOKMARK [3][-]{subsubsection.6.1.4.10}{\376\377\000u\000w\000i\000e\000r\000z\000y\000t\000e\000l\000n\000i\000e\000n\000i\000e}{subsection.6.1.4}
\BOOKMARK [3][-]{subsubsection.6.1.4.11}{\376\377\000w\000e\000r\000s\000j\000a}{subsection.6.1.4}
\BOOKMARK [3][-]{subsubsection.6.1.4.12}{\376\377\000z\000a\000p\000a\000m\000i\000e\000t\000a\000j}{subsection.6.1.4}
\BOOKMARK [2][-]{subsection.6.1.5}{\376\377\000D\000o\000k\000u\000m\000e\000n\000t\000a\000c\000j\000a\000\040\000w\001\102\000a\001\133\000c\000i\000w\000o\001\133\000c\000i}{section.6.1}
\BOOKMARK [3][-]{subsubsection.6.1.5.1}{\376\377\000h\000a\000s\000l\000o}{subsection.6.1.5}
\BOOKMARK [3][-]{subsubsection.6.1.5.2}{\376\377\000K\000o\000m\000C\000l\000a\000s\000s}{subsection.6.1.5}
\BOOKMARK [3][-]{subsubsection.6.1.5.3}{\376\377\000l\000o\000g\000i\000n}{subsection.6.1.5}
\BOOKMARK [1][-]{section.6.2}{\376\377\000D\000o\000k\000u\000m\000e\000n\000t\000a\000c\000j\000a\000\040\000k\000l\000a\000s\000y\000\040\000A\000S\000S\0008\000.\000K\000l\000i\000e\000n\000t\000.\000d\000o\000w\000n\000l\000o\000a\000d\000P\000l\000i\000k\000u}{chapter.6}
\BOOKMARK [2][-]{subsection.6.2.1}{\376\377\000O\000p\000i\000s\000\040\000s\000z\000c\000z\000e\000g\000\363\001\102\000o\000w\000y}{section.6.2}
\BOOKMARK [2][-]{subsection.6.2.2}{\376\377\000D\000o\000k\000u\000m\000e\000n\000t\000a\000c\000j\000a\000\040\000k\000o\000n\000s\000t\000r\000u\000k\000t\000o\000r\000a\000\040\000i\000\040\000d\000e\000s\000t\000r\000u\000k\000t\000o\000r\000a}{section.6.2}
\BOOKMARK [3][-]{subsubsection.6.2.2.1}{\376\377\000d\000o\000w\000n\000l\000o\000a\000d\000P\000l\000i\000k\000u}{subsection.6.2.2}
\BOOKMARK [3][-]{subsubsection.6.2.2.2}{\376\377\000d\000o\000w\000n\000l\000o\000a\000d\000P\000l\000i\000k\000u}{subsection.6.2.2}
\BOOKMARK [2][-]{subsection.6.2.3}{\376\377\000D\000o\000k\000u\000m\000e\000n\000t\000a\000c\000j\000a\000\040\000a\000t\000r\000y\000b\000u\000t\000\363\000w\000\040\000s\000k\001\102\000a\000d\000o\000w\000y\000c\000h}{section.6.2}
\BOOKMARK [3][-]{subsubsection.6.2.3.1}{\376\377\000p\000P\000l\000i\000k}{subsection.6.2.3}
\BOOKMARK [2][-]{subsection.6.2.4}{\376\377\000D\000o\000k\000u\000m\000e\000n\000t\000a\000c\000j\000a\000\040\000w\001\102\000a\001\133\000c\000i\000w\000o\001\133\000c\000i}{section.6.2}
\BOOKMARK [3][-]{subsubsection.6.2.4.1}{\376\377\000p\000l\000i\000k}{subsection.6.2.4}
\BOOKMARK [1][-]{section.6.3}{\376\377\000D\000o\000k\000u\000m\000e\000n\000t\000a\000c\000j\000a\000\040\000k\000l\000a\000s\000y\000\040\000A\000S\000S\0008\000.\000K\000l\000i\000e\000n\000t\000.\000F\000o\000r\000m\0001}{chapter.6}
\BOOKMARK [2][-]{subsection.6.3.1}{\376\377\000O\000p\000i\000s\000\040\000s\000z\000c\000z\000e\000g\000\363\001\102\000o\000w\000y}{section.6.3}
\BOOKMARK [2][-]{subsection.6.3.2}{\376\377\000D\000o\000k\000u\000m\000e\000n\000t\000a\000c\000j\000a\000\040\000k\000o\000n\000s\000t\000r\000u\000k\000t\000o\000r\000a\000\040\000i\000\040\000d\000e\000s\000t\000r\000u\000k\000t\000o\000r\000a}{section.6.3}
\BOOKMARK [3][-]{subsubsection.6.3.2.1}{\376\377\000F\000o\000r\000m\0001}{subsection.6.3.2}
\BOOKMARK [2][-]{subsection.6.3.3}{\376\377\000D\000o\000k\000u\000m\000e\000n\000t\000a\000c\000j\000a\000\040\000f\000u\000n\000k\000c\000j\000i\000\040\000s\000k\001\102\000a\000d\000o\000w\000y\000c\000h}{section.6.3}
\BOOKMARK [3][-]{subsubsection.6.3.3.1}{\376\377\000b\000t\000n\000L\000i\000s\000t\000u\000j\000\137\000C\000l\000i\000c\000k}{subsection.6.3.3}
\BOOKMARK [3][-]{subsubsection.6.3.3.2}{\376\377\000b\000t\000n\000P\000o\000b\000i\000e\000r\000a\000n\000e\000\137\000C\000l\000i\000c\000k}{subsection.6.3.3}
\BOOKMARK [3][-]{subsubsection.6.3.3.3}{\376\377\000b\000u\000t\000t\000o\000n\0001\000\137\000C\000l\000i\000c\000k}{subsection.6.3.3}
\BOOKMARK [3][-]{subsubsection.6.3.3.4}{\376\377\000b\000u\000t\000t\000o\000n\0002\000\137\000C\000l\000i\000c\000k}{subsection.6.3.3}
\BOOKMARK [3][-]{subsubsection.6.3.3.5}{\376\377\000l\000v\000P\000l\000i\000k\000i\000\137\000S\000e\000l\000e\000c\000t\000e\000d\000I\000n\000d\000e\000x\000C\000h\000a\000n\000g\000e\000d}{subsection.6.3.3}
\BOOKMARK [3][-]{subsubsection.6.3.3.6}{\376\377\000p\000o\000b\000i\000e\000r\000a\000j}{subsection.6.3.3}
\BOOKMARK [2][-]{subsection.6.3.4}{\376\377\000D\000o\000k\000u\000m\000e\000n\000t\000a\000c\000j\000a\000\040\000a\000t\000r\000y\000b\000u\000t\000\363\000w\000\040\000s\000k\001\102\000a\000d\000o\000w\000y\000c\000h}{section.6.3}
\BOOKMARK [3][-]{subsubsection.6.3.4.1}{\376\377\000k}{subsection.6.3.4}
\BOOKMARK [3][-]{subsubsection.6.3.4.2}{\376\377\000m\000u\000t}{subsection.6.3.4}
\BOOKMARK [3][-]{subsubsection.6.3.4.3}{\376\377\000p\000o\000b\000i\000e\000r\000a\000n\000i\000e}{subsection.6.3.4}
\BOOKMARK [3][-]{subsubsection.6.3.4.4}{\376\377\000w\000y\000s\000w\000i\000e\000t\000l\000o\000n\000e\000P\000l\000i\000k\000i}{subsection.6.3.4}
\BOOKMARK [1][-]{section.6.4}{\376\377\000D\000o\000k\000u\000m\000e\000n\000t\000a\000c\000j\000a\000\040\000k\000l\000a\000s\000y\000\040\000A\000S\000S\0008\000.\000K\000l\000i\000e\000n\000t\000.\000F\000o\000r\000m\0002}{chapter.6}
\BOOKMARK [2][-]{subsection.6.4.1}{\376\377\000O\000p\000i\000s\000\040\000s\000z\000c\000z\000e\000g\000\363\001\102\000o\000w\000y}{section.6.4}
\BOOKMARK [2][-]{subsection.6.4.2}{\376\377\000D\000o\000k\000u\000m\000e\000n\000t\000a\000c\000j\000a\000\040\000k\000o\000n\000s\000t\000r\000u\000k\000t\000o\000r\000a\000\040\000i\000\040\000d\000e\000s\000t\000r\000u\000k\000t\000o\000r\000a}{section.6.4}
\BOOKMARK [3][-]{subsubsection.6.4.2.1}{\376\377\000F\000o\000r\000m\0002}{subsection.6.4.2}
\BOOKMARK [3][-]{subsubsection.6.4.2.2}{\376\377\000F\000o\000r\000m\0002}{subsection.6.4.2}
\BOOKMARK [2][-]{subsection.6.4.3}{\376\377\000D\000o\000k\000u\000m\000e\000n\000t\000a\000c\000j\000a\000\040\000f\000u\000n\000k\000c\000j\000i\000\040\000s\000k\001\102\000a\000d\000o\000w\000y\000c\000h}{section.6.4}
\BOOKMARK [3][-]{subsubsection.6.4.3.1}{\376\377\000b\000t\000n\000A\000n\000u\000l\000u\000j\000\137\000C\000l\000i\000c\000k}{subsection.6.4.3}
\BOOKMARK [3][-]{subsubsection.6.4.3.2}{\376\377\000b\000t\000n\000Z\000a\000p\000i\000s\000z\000\137\000C\000l\000i\000c\000k}{subsection.6.4.3}
\BOOKMARK [3][-]{subsubsection.6.4.3.3}{\376\377\000c\000h\000b\000P\000r\000o\000x\000y\000\137\000C\000h\000e\000c\000k\000e\000d\000C\000h\000a\000n\000g\000e\000d}{subsection.6.4.3}
\BOOKMARK [3][-]{subsubsection.6.4.3.4}{\376\377\000c\000h\000b\000U\000w\000i\000e\000r\000z\000y\000t\000e\000l\000n\000i\000e\000n\000i\000e\000\137\000C\000h\000e\000c\000k\000e\000d\000C\000h\000a\000n\000g\000e\000d}{subsection.6.4.3}
\BOOKMARK [3][-]{subsubsection.6.4.3.5}{\376\377\000c\000h\000b\000U\000w\000i\000e\000r\000z\000y\000t\000e\000l\000n\000i\000e\000n\000i\000e\000\137\000C\000h\000e\000c\000k\000e\000d\000C\000h\000a\000n\000g\000e\000d\000\137\0001}{subsection.6.4.3}
\BOOKMARK [2][-]{subsection.6.4.4}{\376\377\000D\000o\000k\000u\000m\000e\000n\000t\000a\000c\000j\000a\000\040\000a\000t\000r\000y\000b\000u\000t\000\363\000w\000\040\000s\000k\001\102\000a\000d\000o\000w\000y\000c\000h}{section.6.4}
\BOOKMARK [3][-]{subsubsection.6.4.4.1}{\376\377\000l\000o\000g}{subsection.6.4.4}
\BOOKMARK [1][-]{section.6.5}{\376\377\000D\000o\000k\000u\000m\000e\000n\000t\000a\000c\000j\000a\000\040\000k\000l\000a\000s\000y\000\040\000A\000S\000S\0008\000.\000K\000l\000i\000e\000n\000t\000.\000F\000o\000r\000m\0004}{chapter.6}
\BOOKMARK [2][-]{subsection.6.5.1}{\376\377\000O\000p\000i\000s\000\040\000s\000z\000c\000z\000e\000g\000\363\001\102\000o\000w\000y}{section.6.5}
\BOOKMARK [2][-]{subsection.6.5.2}{\376\377\000D\000o\000k\000u\000m\000e\000n\000t\000a\000c\000j\000a\000\040\000k\000o\000n\000s\000t\000r\000u\000k\000t\000o\000r\000a\000\040\000i\000\040\000d\000e\000s\000t\000r\000u\000k\000t\000o\000r\000a}{section.6.5}
\BOOKMARK [3][-]{subsubsection.6.5.2.1}{\376\377\000F\000o\000r\000m\0004}{subsection.6.5.2}
\BOOKMARK [2][-]{subsection.6.5.3}{\376\377\000D\000o\000k\000u\000m\000e\000n\000t\000a\000c\000j\000a\000\040\000f\000u\000n\000k\000c\000j\000i\000\040\000s\000k\001\102\000a\000d\000o\000w\000y\000c\000h}{section.6.5}
\BOOKMARK [3][-]{subsubsection.6.5.3.1}{\376\377\000b\000u\000t\000t\000o\000n\0001\000\137\000C\000l\000i\000c\000k}{subsection.6.5.3}
\BOOKMARK [3][-]{subsubsection.6.5.3.2}{\376\377\000b\000u\000t\000t\000o\000n\0002\000\137\000C\000l\000i\000c\000k}{subsection.6.5.3}
\BOOKMARK [2][-]{subsection.6.5.4}{\376\377\000D\000o\000k\000u\000m\000e\000n\000t\000a\000c\000j\000a\000\040\000a\000t\000r\000y\000b\000u\000t\000\363\000w\000\040\000s\000k\001\102\000a\000d\000o\000w\000y\000c\000h}{section.6.5}
\BOOKMARK [3][-]{subsubsection.6.5.4.1}{\376\377\000l\000o\000g}{subsection.6.5.4}
\BOOKMARK [1][-]{section.6.6}{\376\377\000D\000o\000k\000u\000m\000e\000n\000t\000a\000c\000j\000a\000\040\000k\000l\000a\000s\000y\000\040\000A\000S\000S\0008\000.\000K\000l\000i\000e\000n\000t\000.\000g\000l\000o\000b\000a\000l\000n\000e\000\137\000u\000s\000t\000a\000w\000i\000e\000n\000i\000a}{chapter.6}
\BOOKMARK [2][-]{subsection.6.6.1}{\376\377\000O\000p\000i\000s\000\040\000s\000z\000c\000z\000e\000g\000\363\001\102\000o\000w\000y}{section.6.6}
\BOOKMARK [2][-]{subsection.6.6.2}{\376\377\000D\000o\000k\000u\000m\000e\000n\000t\000a\000c\000j\000a\000\040\000k\000o\000n\000s\000t\000r\000u\000k\000t\000o\000r\000a\000\040\000i\000\040\000d\000e\000s\000t\000r\000u\000k\000t\000o\000r\000a}{section.6.6}
\BOOKMARK [3][-]{subsubsection.6.6.2.1}{\376\377\000g\000l\000o\000b\000a\000l\000n\000e\000\137\000u\000s\000t\000a\000w\000i\000e\000n\000i\000a}{subsection.6.6.2}
\BOOKMARK [3][-]{subsubsection.6.6.2.2}{\376\377\000g\000l\000o\000b\000a\000l\000n\000e\000\137\000u\000s\000t\000a\000w\000i\000e\000n\000i\000a}{subsection.6.6.2}
\BOOKMARK [2][-]{subsection.6.6.3}{\376\377\000D\000o\000k\000u\000m\000e\000n\000t\000a\000c\000j\000a\000\040\000a\000t\000r\000y\000b\000u\000t\000\363\000w\000\040\000s\000k\001\102\000a\000d\000o\000w\000y\000c\000h}{section.6.6}
\BOOKMARK [3][-]{subsubsection.6.6.3.1}{\376\377\000p\000H\000a\000s\000l\000o\000P\000r\000o\000x\000y}{subsection.6.6.3}
\BOOKMARK [3][-]{subsubsection.6.6.3.2}{\376\377\000p\000L\000o\000g\000i\000n}{subsection.6.6.3}
\BOOKMARK [3][-]{subsubsection.6.6.3.3}{\376\377\000p\000L\000o\000g\000i\000n\000P\000r\000o\000x\000y}{subsection.6.6.3}
\BOOKMARK [3][-]{subsubsection.6.6.3.4}{\376\377\000p\000P\000o\000r\000t}{subsection.6.6.3}
\BOOKMARK [3][-]{subsubsection.6.6.3.5}{\376\377\000p\000P\000o\000r\000t\000P\000r\000o\000x\000y}{subsection.6.6.3}
\BOOKMARK [3][-]{subsubsection.6.6.3.6}{\376\377\000p\000P\000r\000o\000x\000y}{subsection.6.6.3}
\BOOKMARK [3][-]{subsubsection.6.6.3.7}{\376\377\000p\000S\000e\000r\000w\000e\000r}{subsection.6.6.3}
\BOOKMARK [3][-]{subsubsection.6.6.3.8}{\376\377\000p\000S\000e\000r\000w\000e\000r\000P\000r\000o\000x\000y}{subsection.6.6.3}
\BOOKMARK [3][-]{subsubsection.6.6.3.9}{\376\377\000p\000U\000w\000i\000e\000r\000z\000y\000t\000e\000l\000n\000i\000e\000n\000i\000e\000P\000r\000o\000x\000y}{subsection.6.6.3}
\BOOKMARK [3][-]{subsubsection.6.6.3.10}{\376\377\000p\000Z\000a\000p\000a\000m\000i\000e\000t\000a\000j}{subsection.6.6.3}
\BOOKMARK [2][-]{subsection.6.6.4}{\376\377\000D\000o\000k\000u\000m\000e\000n\000t\000a\000c\000j\000a\000\040\000w\001\102\000a\001\133\000c\000i\000w\000o\001\133\000c\000i}{section.6.6}
\BOOKMARK [3][-]{subsubsection.6.6.4.1}{\376\377\000h\000a\000s\000l\000o\000P\000r\000o\000x\000y}{subsection.6.6.4}
\BOOKMARK [3][-]{subsubsection.6.6.4.2}{\376\377\000l\000o\000g\000i\000n}{subsection.6.6.4}
\BOOKMARK [3][-]{subsubsection.6.6.4.3}{\376\377\000l\000o\000g\000i\000n\000P\000r\000o\000x\000y}{subsection.6.6.4}
\BOOKMARK [3][-]{subsubsection.6.6.4.4}{\376\377\000p\000o\000r\000t}{subsection.6.6.4}
\BOOKMARK [3][-]{subsubsection.6.6.4.5}{\376\377\000p\000o\000r\000t\000P\000r\000o\000x\000y}{subsection.6.6.4}
\BOOKMARK [3][-]{subsubsection.6.6.4.6}{\376\377\000p\000r\000o\000x\000y}{subsection.6.6.4}
\BOOKMARK [3][-]{subsubsection.6.6.4.7}{\376\377\000s\000e\000r\000w\000e\000r}{subsection.6.6.4}
\BOOKMARK [3][-]{subsubsection.6.6.4.8}{\376\377\000s\000e\000r\000w\000e\000r\000P\000r\000o\000x\000y}{subsection.6.6.4}
\BOOKMARK [3][-]{subsubsection.6.6.4.9}{\376\377\000u\000w\000i\000e\000r\000z\000y\000t\000e\000l\000n\000i\000e\000n\000i\000e}{subsection.6.6.4}
\BOOKMARK [3][-]{subsubsection.6.6.4.10}{\376\377\000z\000a\000p\000a\000m\000i\000e\000t\000a\000j}{subsection.6.6.4}
\BOOKMARK [1][-]{section.6.7}{\376\377\000D\000o\000k\000u\000m\000e\000n\000t\000a\000c\000j\000a\000\040\000k\000l\000a\000s\000y\000\040\000A\000S\000S\0008\000.\000K\000l\000i\000e\000n\000t\000.\000k\000l\000i\000e\000n\000t\000B\000a\000s\000e}{chapter.6}
\BOOKMARK [2][-]{subsection.6.7.1}{\376\377\000O\000p\000i\000s\000\040\000s\000z\000c\000z\000e\000g\000\363\001\102\000o\000w\000y}{section.6.7}
\BOOKMARK [2][-]{subsection.6.7.2}{\376\377\000D\000o\000k\000u\000m\000e\000n\000t\000a\000c\000j\000a\000\040\000k\000o\000n\000s\000t\000r\000u\000k\000t\000o\000r\000a\000\040\000i\000\040\000d\000e\000s\000t\000r\000u\000k\000t\000o\000r\000a}{section.6.7}
\BOOKMARK [3][-]{subsubsection.6.7.2.1}{\376\377\000k\000l\000i\000e\000n\000t\000B\000a\000s\000e}{subsection.6.7.2}
\BOOKMARK [3][-]{subsubsection.6.7.2.2}{\376\377\000k\000l\000i\000e\000n\000t\000B\000a\000s\000e}{subsection.6.7.2}
\BOOKMARK [2][-]{subsection.6.7.3}{\376\377\000D\000o\000k\000u\000m\000e\000n\000t\000a\000c\000j\000a\000\040\000a\000t\000r\000y\000b\000u\000t\000\363\000w\000\040\000s\000k\001\102\000a\000d\000o\000w\000y\000c\000h}{section.6.7}
\BOOKMARK [3][-]{subsubsection.6.7.3.1}{\376\377\000i\000d\000S\000e\000s\000j\000i}{subsection.6.7.3}
\BOOKMARK [3][-]{subsubsection.6.7.3.2}{\376\377\000o\000p}{subsection.6.7.3}
\BOOKMARK [2][-]{subsection.6.7.4}{\376\377\000D\000o\000k\000u\000m\000e\000n\000t\000a\000c\000j\000a\000\040\000w\001\102\000a\001\133\000c\000i\000w\000o\001\133\000c\000i}{section.6.7}
\BOOKMARK [3][-]{subsubsection.6.7.4.1}{\376\377\000i\000d\000s\000e\000s\000j\000i}{subsection.6.7.4}
\BOOKMARK [3][-]{subsubsection.6.7.4.2}{\376\377\000o\000p\000e\000r\000a\000c\000j\000a}{subsection.6.7.4}
\BOOKMARK [1][-]{section.6.8}{\376\377\000D\000o\000k\000u\000m\000e\000n\000t\000a\000c\000j\000a\000\040\000k\000l\000a\000s\000y\000\040\000A\000S\000S\0008\000.\000K\000l\000i\000e\000n\000t\000.\000k\000l\000i\000e\000n\000t\000H\000a\000s\000h}{chapter.6}
\BOOKMARK [2][-]{subsection.6.8.1}{\376\377\000O\000p\000i\000s\000\040\000s\000z\000c\000z\000e\000g\000\363\001\102\000o\000w\000y}{section.6.8}
\BOOKMARK [2][-]{subsection.6.8.2}{\376\377\000D\000o\000k\000u\000m\000e\000n\000t\000a\000c\000j\000a\000\040\000k\000o\000n\000s\000t\000r\000u\000k\000t\000o\000r\000a\000\040\000i\000\040\000d\000e\000s\000t\000r\000u\000k\000t\000o\000r\000a}{section.6.8}
\BOOKMARK [3][-]{subsubsection.6.8.2.1}{\376\377\000k\000l\000i\000e\000n\000t\000H\000a\000s\000h}{subsection.6.8.2}
\BOOKMARK [3][-]{subsubsection.6.8.2.2}{\376\377\000k\000l\000i\000e\000n\000t\000H\000a\000s\000h}{subsection.6.8.2}
\BOOKMARK [2][-]{subsection.6.8.3}{\376\377\000D\000o\000k\000u\000m\000e\000n\000t\000a\000c\000j\000a\000\040\000a\000t\000r\000y\000b\000u\000t\000\363\000w\000\040\000s\000k\001\102\000a\000d\000o\000w\000y\000c\000h}{section.6.8}
\BOOKMARK [3][-]{subsubsection.6.8.3.1}{\376\377\000p\000H\000a\000s\000h}{subsection.6.8.3}
\BOOKMARK [2][-]{subsection.6.8.4}{\376\377\000D\000o\000k\000u\000m\000e\000n\000t\000a\000c\000j\000a\000\040\000w\001\102\000a\001\133\000c\000i\000w\000o\001\133\000c\000i}{section.6.8}
\BOOKMARK [3][-]{subsubsection.6.8.4.1}{\376\377\000h\000a\000s\000h}{subsection.6.8.4}
\BOOKMARK [1][-]{section.6.9}{\376\377\000D\000o\000k\000u\000m\000e\000n\000t\000a\000c\000j\000a\000\040\000k\000l\000a\000s\000y\000\040\000A\000S\000S\0008\000.\000K\000l\000i\000e\000n\000t\000.\000k\000l\000i\000e\000n\000t\000L\000o\000g\000o\000w\000a\000n\000i\000e}{chapter.6}
\BOOKMARK [2][-]{subsection.6.9.1}{\376\377\000O\000p\000i\000s\000\040\000s\000z\000c\000z\000e\000g\000\363\001\102\000o\000w\000y}{section.6.9}
\BOOKMARK [2][-]{subsection.6.9.2}{\376\377\000D\000o\000k\000u\000m\000e\000n\000t\000a\000c\000j\000a\000\040\000k\000o\000n\000s\000t\000r\000u\000k\000t\000o\000r\000a\000\040\000i\000\040\000d\000e\000s\000t\000r\000u\000k\000t\000o\000r\000a}{section.6.9}
\BOOKMARK [3][-]{subsubsection.6.9.2.1}{\376\377\000k\000l\000i\000e\000n\000t\000L\000o\000g\000o\000w\000a\000n\000i\000e}{subsection.6.9.2}
\BOOKMARK [3][-]{subsubsection.6.9.2.2}{\376\377\000k\000l\000i\000e\000n\000t\000L\000o\000g\000o\000w\000a\000n\000i\000e}{subsection.6.9.2}
\BOOKMARK [2][-]{subsection.6.9.3}{\376\377\000D\000o\000k\000u\000m\000e\000n\000t\000a\000c\000j\000a\000\040\000a\000t\000r\000y\000b\000u\000t\000\363\000w\000\040\000s\000k\001\102\000a\000d\000o\000w\000y\000c\000h}{section.6.9}
\BOOKMARK [3][-]{subsubsection.6.9.3.1}{\376\377\000h\000a\000s\000l\000o}{subsection.6.9.3}
\BOOKMARK [3][-]{subsubsection.6.9.3.2}{\376\377\000l\000o\000g\000i\000n}{subsection.6.9.3}
\BOOKMARK [3][-]{subsubsection.6.9.3.3}{\376\377\000v\000K\000l\000i\000e\000n\000t\000a}{subsection.6.9.3}
\BOOKMARK [2][-]{subsection.6.9.4}{\376\377\000D\000o\000k\000u\000m\000e\000n\000t\000a\000c\000j\000a\000\040\000w\001\102\000a\001\133\000c\000i\000w\000o\001\133\000c\000i}{section.6.9}
\BOOKMARK [3][-]{subsubsection.6.9.4.1}{\376\377\000H\000a\000s\000l\000o}{subsection.6.9.4}
\BOOKMARK [3][-]{subsubsection.6.9.4.2}{\376\377\000L\000o\000g\000i\000n}{subsection.6.9.4}
\BOOKMARK [3][-]{subsubsection.6.9.4.3}{\376\377\000w\000e\000r\000s\000j\000a\000K\000l\000i\000e\000n\000t\000a}{subsection.6.9.4}
\BOOKMARK [1][-]{section.6.10}{\376\377\000D\000o\000k\000u\000m\000e\000n\000t\000a\000c\000j\000a\000\040\000k\000l\000a\000s\000y\000\040\000A\000S\000S\0008\000.\000K\000l\000i\000e\000n\000t\000.\000k\000l\000i\000e\000n\000t\000O\000d\000p\000D\000o\000w\000n\000l\000o\000a\000d}{chapter.6}
\BOOKMARK [2][-]{subsection.6.10.1}{\376\377\000O\000p\000i\000s\000\040\000s\000z\000c\000z\000e\000g\000\363\001\102\000o\000w\000y}{section.6.10}
\BOOKMARK [2][-]{subsection.6.10.2}{\376\377\000D\000o\000k\000u\000m\000e\000n\000t\000a\000c\000j\000a\000\040\000k\000o\000n\000s\000t\000r\000u\000k\000t\000o\000r\000a\000\040\000i\000\040\000d\000e\000s\000t\000r\000u\000k\000t\000o\000r\000a}{section.6.10}
\BOOKMARK [3][-]{subsubsection.6.10.2.1}{\376\377\000k\000l\000i\000e\000n\000t\000O\000d\000p\000D\000o\000w\000n\000l\000o\000a\000d}{subsection.6.10.2}
\BOOKMARK [3][-]{subsubsection.6.10.2.2}{\376\377\000k\000l\000i\000e\000n\000t\000O\000d\000p\000D\000o\000w\000n\000l\000o\000a\000d}{subsection.6.10.2}
\BOOKMARK [2][-]{subsection.6.10.3}{\376\377\000D\000o\000k\000u\000m\000e\000n\000t\000a\000c\000j\000a\000\040\000a\000t\000r\000y\000b\000u\000t\000\363\000w\000\040\000s\000k\001\102\000a\000d\000o\000w\000y\000c\000h}{section.6.10}
\BOOKMARK [3][-]{subsubsection.6.10.3.1}{\376\377\000p\000A\000c\000t\000i\000o\000n}{subsection.6.10.3}
\BOOKMARK [2][-]{subsection.6.10.4}{\376\377\000D\000o\000k\000u\000m\000e\000n\000t\000a\000c\000j\000a\000\040\000w\001\102\000a\001\133\000c\000i\000w\000o\001\133\000c\000i}{section.6.10}
\BOOKMARK [3][-]{subsubsection.6.10.4.1}{\376\377\000a\000c\000t\000i\000o\000n}{subsection.6.10.4}
\BOOKMARK [1][-]{section.6.11}{\376\377\000D\000o\000k\000u\000m\000e\000n\000t\000a\000c\000j\000a\000\040\000k\000l\000a\000s\000y\000\040\000A\000S\000S\0008\000.\000K\000l\000i\000e\000n\000t\000.\000k\000l\000i\000e\000n\000t\000U\000p\000l\000o\000a\000d}{chapter.6}
\BOOKMARK [2][-]{subsection.6.11.1}{\376\377\000O\000p\000i\000s\000\040\000s\000z\000c\000z\000e\000g\000\363\001\102\000o\000w\000y}{section.6.11}
\BOOKMARK [2][-]{subsection.6.11.2}{\376\377\000D\000o\000k\000u\000m\000e\000n\000t\000a\000c\000j\000a\000\040\000k\000o\000n\000s\000t\000r\000u\000k\000t\000o\000r\000a\000\040\000i\000\040\000d\000e\000s\000t\000r\000u\000k\000t\000o\000r\000a}{section.6.11}
\BOOKMARK [3][-]{subsubsection.6.11.2.1}{\376\377\000k\000l\000i\000e\000n\000t\000U\000p\000l\000o\000a\000d}{subsection.6.11.2}
\BOOKMARK [3][-]{subsubsection.6.11.2.2}{\376\377\000k\000l\000i\000e\000n\000t\000U\000p\000l\000o\000a\000d}{subsection.6.11.2}
\BOOKMARK [2][-]{subsection.6.11.3}{\376\377\000D\000o\000k\000u\000m\000e\000n\000t\000a\000c\000j\000a\000\040\000a\000t\000r\000y\000b\000u\000t\000\363\000w\000\040\000s\000k\001\102\000a\000d\000o\000w\000y\000c\000h}{section.6.11}
\BOOKMARK [3][-]{subsubsection.6.11.3.1}{\376\377\000p\000P\000l\000i\000k}{subsection.6.11.3}
\BOOKMARK [2][-]{subsection.6.11.4}{\376\377\000D\000o\000k\000u\000m\000e\000n\000t\000a\000c\000j\000a\000\040\000w\001\102\000a\001\133\000c\000i\000w\000o\001\133\000c\000i}{section.6.11}
\BOOKMARK [3][-]{subsubsection.6.11.4.1}{\376\377\000p\000l\000i\000k}{subsection.6.11.4}
\BOOKMARK [1][-]{section.6.12}{\376\377\000D\000o\000k\000u\000m\000e\000n\000t\000a\000c\000j\000a\000\040\000k\000l\000a\000s\000y\000\040\000A\000S\000S\0008\000.\000K\000l\000i\000e\000n\000t\000.\000k\000l\000i\000e\000n\000t\000U\000s\000u\000n}{chapter.6}
\BOOKMARK [2][-]{subsection.6.12.1}{\376\377\000O\000p\000i\000s\000\040\000s\000z\000c\000z\000e\000g\000\363\001\102\000o\000w\000y}{section.6.12}
\BOOKMARK [2][-]{subsection.6.12.2}{\376\377\000D\000o\000k\000u\000m\000e\000n\000t\000a\000c\000j\000a\000\040\000k\000o\000n\000s\000t\000r\000u\000k\000t\000o\000r\000a\000\040\000i\000\040\000d\000e\000s\000t\000r\000u\000k\000t\000o\000r\000a}{section.6.12}
\BOOKMARK [3][-]{subsubsection.6.12.2.1}{\376\377\000k\000l\000i\000e\000n\000t\000U\000s\000u\000n}{subsection.6.12.2}
\BOOKMARK [3][-]{subsubsection.6.12.2.2}{\376\377\000k\000l\000i\000e\000n\000t\000U\000s\000u\000n}{subsection.6.12.2}
\BOOKMARK [2][-]{subsection.6.12.3}{\376\377\000D\000o\000k\000u\000m\000e\000n\000t\000a\000c\000j\000a\000\040\000a\000t\000r\000y\000b\000u\000t\000\363\000w\000\040\000s\000k\001\102\000a\000d\000o\000w\000y\000c\000h}{section.6.12}
\BOOKMARK [3][-]{subsubsection.6.12.3.1}{\376\377\000p\000P\000l\000i\000k}{subsection.6.12.3}
\BOOKMARK [2][-]{subsection.6.12.4}{\376\377\000D\000o\000k\000u\000m\000e\000n\000t\000a\000c\000j\000a\000\040\000w\001\102\000a\001\133\000c\000i\000w\000o\001\133\000c\000i}{section.6.12}
\BOOKMARK [3][-]{subsubsection.6.12.4.1}{\376\377\000p\000l\000i\000k}{subsection.6.12.4}
\BOOKMARK [1][-]{section.6.13}{\376\377\000D\000o\000k\000u\000m\000e\000n\000t\000a\000c\000j\000a\000\040\000k\000l\000a\000s\000y\000\040\000A\000S\000S\0008\000.\000K\000l\000i\000e\000n\000t\000.\000k\000o\000m\000u\000n\000i\000k\000a\000c\000j\000a}{chapter.6}
\BOOKMARK [2][-]{subsection.6.13.1}{\376\377\000O\000p\000i\000s\000\040\000s\000z\000c\000z\000e\000g\000\363\001\102\000o\000w\000y}{section.6.13}
\BOOKMARK [2][-]{subsection.6.13.2}{\376\377\000D\000o\000k\000u\000m\000e\000n\000t\000a\000c\000j\000a\000\040\000s\000k\001\102\000a\000d\000o\000w\000y\000c\000h\000\040\000w\000y\000l\000i\000c\000z\000a\000n\000y\000c\000h}{section.6.13}
\BOOKMARK [3][-]{subsubsection.6.13.2.1}{\376\377\000o\000d\000p\000o\000w\000i\000e\000d\000z\000i}{subsection.6.13.2}
\BOOKMARK [3][-]{subsubsection.6.13.2.2}{\376\377\000o\000p\000e\000r\000a\000c\000j\000e}{subsection.6.13.2}
\BOOKMARK [2][-]{subsection.6.13.3}{\376\377\000D\000o\000k\000u\000m\000e\000n\000t\000a\000c\000j\000a\000\040\000k\000o\000n\000s\000t\000r\000u\000k\000t\000o\000r\000a\000\040\000i\000\040\000d\000e\000s\000t\000r\000u\000k\000t\000o\000r\000a}{section.6.13}
\BOOKMARK [3][-]{subsubsection.6.13.3.1}{\376\377\000k\000o\000m\000u\000n\000i\000k\000a\000c\000j\000a}{subsection.6.13.3}
\BOOKMARK [2][-]{subsection.6.13.4}{\376\377\000D\000o\000k\000u\000m\000e\000n\000t\000a\000c\000j\000a\000\040\000f\000u\000n\000k\000c\000j\000i\000\040\000s\000k\001\102\000a\000d\000o\000w\000y\000c\000h}{section.6.13}
\BOOKMARK [3][-]{subsubsection.6.13.4.1}{\376\377\000d\000o\000w\000n\000l\000o\000a\000d\000F\000i\000l\000e\000s}{subsection.6.13.4}
\BOOKMARK [3][-]{subsubsection.6.13.4.2}{\376\377\000d\000o\000w\000n\000l\000o\000a\000d\000L\000i\000s\000t\000y}{subsection.6.13.4}
\BOOKMARK [3][-]{subsubsection.6.13.4.3}{\376\377\000h\000a\000s\000h\000P\000l\000i\000k\000u}{subsection.6.13.4}
\BOOKMARK [3][-]{subsubsection.6.13.4.4}{\376\377\000l\000o\000g\000i\000n}{subsection.6.13.4}
\BOOKMARK [3][-]{subsubsection.6.13.4.5}{\376\377\000p\000o\000b\000i\000e\000r\000z}{subsection.6.13.4}
\BOOKMARK [3][-]{subsubsection.6.13.4.6}{\376\377\000p\000o\000b\000i\000e\000r\000z}{subsection.6.13.4}
\BOOKMARK [3][-]{subsubsection.6.13.4.7}{\376\377\000p\000o\000s\000t\000e\000p}{subsection.6.13.4}
\BOOKMARK [3][-]{subsubsection.6.13.4.8}{\376\377\000P\000r\000o\000g\000r\000e\000s\000s\000B\000a\000r\000H\000a\000n\000d\000l\000e\000r}{subsection.6.13.4}
\BOOKMARK [3][-]{subsubsection.6.13.4.9}{\376\377\000u\000p\000l\000o\000a\000d\000F\000i\000l\000e}{subsection.6.13.4}
\BOOKMARK [3][-]{subsubsection.6.13.4.10}{\376\377\000u\000s\000t\000a\000w\000U\000s\000t\000a\000w\000i\000e\000n\000i\000a}{subsection.6.13.4}
\BOOKMARK [3][-]{subsubsection.6.13.4.11}{\376\377\000u\000s\000u\000n\000P\000l\000i\000k\000i}{subsection.6.13.4}
\BOOKMARK [3][-]{subsubsection.6.13.4.12}{\376\377\000w\000y\000s\000l\000i\000j}{subsection.6.13.4}
\BOOKMARK [2][-]{subsection.6.13.5}{\376\377\000D\000o\000k\000u\000m\000e\000n\000t\000a\000c\000j\000a\000\040\000a\000t\000r\000y\000b\000u\000t\000\363\000w\000\040\000s\000k\001\102\000a\000d\000o\000w\000y\000c\000h}{section.6.13}
\BOOKMARK [3][-]{subsubsection.6.13.5.1}{\376\377\000e\000n\000d\000l}{subsection.6.13.5}
\BOOKMARK [3][-]{subsubsection.6.13.5.2}{\376\377\000e\000n\000d\000l\000O\000d\000p}{subsection.6.13.5}
\BOOKMARK [3][-]{subsubsection.6.13.5.3}{\376\377\000f\000o\000l\000d\000e\000r}{subsection.6.13.5}
\BOOKMARK [3][-]{subsubsection.6.13.5.4}{\376\377\000h\000a\000s\000l\000o}{subsection.6.13.5}
\BOOKMARK [3][-]{subsubsection.6.13.5.5}{\376\377\000l\000o\000g}{subsection.6.13.5}
\BOOKMARK [3][-]{subsubsection.6.13.5.6}{\376\377\000n\000a\000m\000e\000s}{subsection.6.13.5}
\BOOKMARK [3][-]{subsubsection.6.13.5.7}{\376\377\000s\000e\000r\000v\000e\000r\000I\000P}{subsection.6.13.5}
\BOOKMARK [3][-]{subsubsection.6.13.5.8}{\376\377\000s\000e\000r\000v\000e\000r\000P\000o\000r\000t}{subsection.6.13.5}
\BOOKMARK [3][-]{subsubsection.6.13.5.9}{\376\377\000s\000e\000s\000s\000i\000o\000n\000I\000D}{subsection.6.13.5}
\BOOKMARK [3][-]{subsubsection.6.13.5.10}{\376\377\000s\000o\000c\000k\000e\000t}{subsection.6.13.5}
\BOOKMARK [2][-]{subsection.6.13.6}{\376\377\000D\000o\000k\000u\000m\000e\000n\000t\000a\000c\000j\000a\000\040\000w\001\102\000a\001\133\000c\000i\000w\000o\001\133\000c\000i}{section.6.13}
\BOOKMARK [3][-]{subsubsection.6.13.6.1}{\376\377\000H\000a\000s\000l\000o}{subsection.6.13.6}
\BOOKMARK [3][-]{subsubsection.6.13.6.2}{\376\377\000L\000o\000g\000i\000n}{subsection.6.13.6}
\BOOKMARK [3][-]{subsubsection.6.13.6.3}{\376\377\000P\000o\000r\000t}{subsection.6.13.6}
\BOOKMARK [3][-]{subsubsection.6.13.6.4}{\376\377\000S\000e\000r\000w\000e\000r}{subsection.6.13.6}
\BOOKMARK [1][-]{section.6.14}{\376\377\000D\000o\000k\000u\000m\000e\000n\000t\000a\000c\000j\000a\000\040\000k\000l\000a\000s\000y\000\040\000A\000S\000S\0008\000.\000K\000l\000i\000e\000n\000t\000.\000K\000o\000n\000f\000i\000g\000u\000r\000a\000c\000j\000a}{chapter.6}
\BOOKMARK [2][-]{subsection.6.14.1}{\376\377\000O\000p\000i\000s\000\040\000s\000z\000c\000z\000e\000g\000\363\001\102\000o\000w\000y}{section.6.14}
\BOOKMARK [2][-]{subsection.6.14.2}{\376\377\000D\000o\000k\000u\000m\000e\000n\000t\000a\000c\000j\000a\000\040\000k\000o\000n\000s\000t\000r\000u\000k\000t\000o\000r\000a\000\040\000i\000\040\000d\000e\000s\000t\000r\000u\000k\000t\000o\000r\000a}{section.6.14}
\BOOKMARK [3][-]{subsubsection.6.14.2.1}{\376\377\000K\000o\000n\000f\000i\000g\000u\000r\000a\000c\000j\000a}{subsection.6.14.2}
\BOOKMARK [2][-]{subsection.6.14.3}{\376\377\000D\000o\000k\000u\000m\000e\000n\000t\000a\000c\000j\000a\000\040\000f\000u\000n\000k\000c\000j\000i\000\040\000s\000k\001\102\000a\000d\000o\000w\000y\000c\000h}{section.6.14}
\BOOKMARK [3][-]{subsubsection.6.14.3.1}{\376\377\000A\000S\000S\0008\000\137\000\137\000\137\000K\000o\000n\000f\000i\000g\000u\000r\000a\000c\000j\000a\000\137\000F\000o\000r\000m\000C\000l\000o\000s\000i\000n\000g}{subsection.6.14.3}
\BOOKMARK [3][-]{subsubsection.6.14.3.2}{\376\377\000a\000u\000t\000o\000m\000a\000t\000y\000c\000z\000n\000e\000S\000p\000r}{subsection.6.14.3}
\BOOKMARK [3][-]{subsubsection.6.14.3.3}{\376\377\000b\000t\000n\000A\000n\000u\000l\000u\000j\000\137\000C\000l\000i\000c\000k}{subsection.6.14.3}
\BOOKMARK [3][-]{subsubsection.6.14.3.4}{\376\377\000b\000t\000n\000S\000c\000i\000e\000z\000k\000a\000\137\000C\000l\000i\000c\000k}{subsection.6.14.3}
\BOOKMARK [3][-]{subsubsection.6.14.3.5}{\376\377\000b\000t\000n\000Z\000a\000p\000i\000s\000z\000\137\000C\000l\000i\000c\000k}{subsection.6.14.3}
\BOOKMARK [3][-]{subsubsection.6.14.3.6}{\376\377\000c\000h\000b\000U\000w\000i\000e\000r\000z\000y\000t\000e\000l\000n\000i\000e\000n\000i\000e\000\137\000C\000h\000e\000c\000k\000e\000d\000C\000h\000a\000n\000g\000e\000d}{subsection.6.14.3}
\BOOKMARK [3][-]{subsubsection.6.14.3.7}{\376\377\000c\000h\000e\000c\000k\000B\000o\000x\0001\000\137\000C\000h\000e\000c\000k\000e\000d\000C\000h\000a\000n\000g\000e\000d}{subsection.6.14.3}
\BOOKMARK [3][-]{subsubsection.6.14.3.8}{\376\377\000c\000m\000s\000W\000y\000l\000o\000g\000u\000j\000\137\000C\000l\000i\000c\000k}{subsection.6.14.3}
\BOOKMARK [3][-]{subsubsection.6.14.3.9}{\376\377\000l\000a\000b\000e\000l\0004\000\137\000C\000l\000i\000c\000k}{subsection.6.14.3}
\BOOKMARK [3][-]{subsubsection.6.14.3.10}{\376\377\000t\000c\000m\000s\000K\000o\000n\000f\000i\000g\000u\000r\000a\000c\000j\000a\000\137\000C\000l\000i\000c\000k}{subsection.6.14.3}
\BOOKMARK [3][-]{subsubsection.6.14.3.11}{\376\377\000t\000c\000m\000s\000S\000t\000a\000r\000t\000\137\000C\000l\000i\000c\000k}{subsection.6.14.3}
\BOOKMARK [3][-]{subsubsection.6.14.3.12}{\376\377\000t\000c\000m\000s\000S\000t\000o\000p\000\137\000C\000l\000i\000c\000k}{subsection.6.14.3}
\BOOKMARK [3][-]{subsubsection.6.14.3.13}{\376\377\000t\000c\000m\000s\000Z\000a\000k\000o\000n\000c\000z\000\137\000C\000l\000i\000c\000k}{subsection.6.14.3}
\BOOKMARK [3][-]{subsubsection.6.14.3.14}{\376\377\000t\000c\000m\000s\000Z\000n\000a\000j\000o\000m\000i\000\137\000C\000l\000i\000c\000k}{subsection.6.14.3}
\BOOKMARK [3][-]{subsubsection.6.14.3.15}{\376\377\000z\000m\000i\000a\000n\000a\000F\000o\000l\000d\000e\000r\000u}{subsection.6.14.3}
\BOOKMARK [2][-]{subsection.6.14.4}{\376\377\000D\000o\000k\000u\000m\000e\000n\000t\000a\000c\000j\000a\000\040\000a\000t\000r\000y\000b\000u\000t\000\363\000w\000\040\000s\000k\001\102\000a\000d\000o\000w\000y\000c\000h}{section.6.14}
\BOOKMARK [3][-]{subsubsection.6.14.4.1}{\376\377\000b\000l\000e\000d\000y\000K\000o\000n\000t\000r\000o\000l\000a}{subsection.6.14.4}
\BOOKMARK [3][-]{subsubsection.6.14.4.2}{\376\377\000c\000l\000o\000s\000e}{subsection.6.14.4}
\BOOKMARK [3][-]{subsubsection.6.14.4.3}{\376\377\000f\000o\000l}{subsection.6.14.4}
\BOOKMARK [3][-]{subsubsection.6.14.4.4}{\376\377\000k}{subsection.6.14.4}
\BOOKMARK [3][-]{subsubsection.6.14.4.5}{\376\377\000l\000o\000g\000i\000n\000F\000o\000r\000m}{subsection.6.14.4}
\BOOKMARK [3][-]{subsubsection.6.14.4.6}{\376\377\000n\000a\000m\000e\000s}{subsection.6.14.4}
\BOOKMARK [3][-]{subsubsection.6.14.4.7}{\376\377\000s\000e\000k\000u\000n\000d\000y}{subsection.6.14.4}
\BOOKMARK [3][-]{subsubsection.6.14.4.8}{\376\377\000z}{subsection.6.14.4}
\BOOKMARK [2][-]{subsection.6.14.5}{\376\377\000D\000o\000k\000u\000m\000e\000n\000t\000a\000c\000j\000a\000\040\000w\001\102\000a\001\133\000c\000i\000w\000o\001\133\000c\000i}{section.6.14}
\BOOKMARK [3][-]{subsubsection.6.14.5.1}{\376\377\000K\000o\000m\000C\000l\000a\000s\000s}{subsection.6.14.5}
\BOOKMARK [1][-]{section.6.15}{\376\377\000D\000o\000k\000u\000m\000e\000n\000t\000a\000c\000j\000a\000\040\000k\000l\000a\000s\000y\000\040\000A\000S\000S\0008\000.\000K\000l\000i\000e\000n\000t\000.\000l\000i\000s\000t\000a\000P\000l\000i\000k\000o\000w}{chapter.6}
\BOOKMARK [2][-]{subsection.6.15.1}{\376\377\000O\000p\000i\000s\000\040\000s\000z\000c\000z\000e\000g\000\363\001\102\000o\000w\000y}{section.6.15}
\BOOKMARK [2][-]{subsection.6.15.2}{\376\377\000D\000o\000k\000u\000m\000e\000n\000t\000a\000c\000j\000a\000\040\000k\000o\000n\000s\000t\000r\000u\000k\000t\000o\000r\000a\000\040\000i\000\040\000d\000e\000s\000t\000r\000u\000k\000t\000o\000r\000a}{section.6.15}
\BOOKMARK [3][-]{subsubsection.6.15.2.1}{\376\377\000l\000i\000s\000t\000a\000P\000l\000i\000k\000o\000w}{subsection.6.15.2}
\BOOKMARK [3][-]{subsubsection.6.15.2.2}{\376\377\000l\000i\000s\000t\000a\000P\000l\000i\000k\000o\000w}{subsection.6.15.2}
\BOOKMARK [2][-]{subsection.6.15.3}{\376\377\000D\000o\000k\000u\000m\000e\000n\000t\000a\000c\000j\000a\000\040\000a\000t\000r\000y\000b\000u\000t\000\363\000w\000\040\000s\000k\001\102\000a\000d\000o\000w\000y\000c\000h}{section.6.15}
\BOOKMARK [3][-]{subsubsection.6.15.3.1}{\376\377\000u\000z\000y\000t}{subsection.6.15.3}
\BOOKMARK [2][-]{subsection.6.15.4}{\376\377\000D\000o\000k\000u\000m\000e\000n\000t\000a\000c\000j\000a\000\040\000w\001\102\000a\001\133\000c\000i\000w\000o\001\133\000c\000i}{section.6.15}
\BOOKMARK [3][-]{subsubsection.6.15.4.1}{\376\377\000u\000z\000y\000t\000k\000o\000w\000n\000i\000k}{subsection.6.15.4}
\BOOKMARK [1][-]{section.6.16}{\376\377\000D\000o\000k\000u\000m\000e\000n\000t\000a\000c\000j\000a\000\040\000k\000l\000a\000s\000y\000\040\000A\000S\000S\0008\000.\000K\000l\000i\000e\000n\000t\000.\000p\000l\000i\000k\000B\000a\000s\000e}{chapter.6}
\BOOKMARK [2][-]{subsection.6.16.1}{\376\377\000O\000p\000i\000s\000\040\000s\000z\000c\000z\000e\000g\000\363\001\102\000o\000w\000y}{section.6.16}
\BOOKMARK [2][-]{subsection.6.16.2}{\376\377\000D\000o\000k\000u\000m\000e\000n\000t\000a\000c\000j\000a\000\040\000k\000o\000n\000s\000t\000r\000u\000k\000t\000o\000r\000a\000\040\000i\000\040\000d\000e\000s\000t\000r\000u\000k\000t\000o\000r\000a}{section.6.16}
\BOOKMARK [3][-]{subsubsection.6.16.2.1}{\376\377\000p\000l\000i\000k\000B\000a\000s\000e}{subsection.6.16.2}
\BOOKMARK [3][-]{subsubsection.6.16.2.2}{\376\377\000p\000l\000i\000k\000B\000a\000s\000e}{subsection.6.16.2}
\BOOKMARK [2][-]{subsection.6.16.3}{\376\377\000D\000o\000k\000u\000m\000e\000n\000t\000a\000c\000j\000a\000\040\000a\000t\000r\000y\000b\000u\000t\000\363\000w\000\040\000s\000k\001\102\000a\000d\000o\000w\000y\000c\000h}{section.6.16}
\BOOKMARK [3][-]{subsubsection.6.16.3.1}{\376\377\000p\000N\000a\000z\000w\000a}{subsection.6.16.3}
\BOOKMARK [2][-]{subsection.6.16.4}{\376\377\000D\000o\000k\000u\000m\000e\000n\000t\000a\000c\000j\000a\000\040\000w\001\102\000a\001\133\000c\000i\000w\000o\001\133\000c\000i}{section.6.16}
\BOOKMARK [3][-]{subsubsection.6.16.4.1}{\376\377\000n\000a\000z\000w\000a}{subsection.6.16.4}
\BOOKMARK [1][-]{section.6.17}{\376\377\000D\000o\000k\000u\000m\000e\000n\000t\000a\000c\000j\000a\000\040\000k\000l\000a\000s\000y\000\040\000A\000S\000S\0008\000.\000K\000l\000i\000e\000n\000t\000.\000p\000l\000i\000k\000i}{chapter.6}
\BOOKMARK [2][-]{subsection.6.17.1}{\376\377\000O\000p\000i\000s\000\040\000s\000z\000c\000z\000e\000g\000\363\001\102\000o\000w\000y}{section.6.17}
\BOOKMARK [2][-]{subsection.6.17.2}{\376\377\000D\000o\000k\000u\000m\000e\000n\000t\000a\000c\000j\000a\000\040\000k\000o\000n\000s\000t\000r\000u\000k\000t\000o\000r\000a\000\040\000i\000\040\000d\000e\000s\000t\000r\000u\000k\000t\000o\000r\000a}{section.6.17}
\BOOKMARK [3][-]{subsubsection.6.17.2.1}{\376\377\000p\000l\000i\000k\000i}{subsection.6.17.2}
\BOOKMARK [3][-]{subsubsection.6.17.2.2}{\376\377\000p\000l\000i\000k\000i}{subsection.6.17.2}
\BOOKMARK [2][-]{subsection.6.17.3}{\376\377\000D\000o\000k\000u\000m\000e\000n\000t\000a\000c\000j\000a\000\040\000a\000t\000r\000y\000b\000u\000t\000\363\000w\000\040\000s\000k\001\102\000a\000d\000o\000w\000y\000c\000h}{section.6.17}
\BOOKMARK [3][-]{subsubsection.6.17.3.1}{\376\377\000p\000P\000l\000i\000k\000i}{subsection.6.17.3}
\BOOKMARK [2][-]{subsection.6.17.4}{\376\377\000D\000o\000k\000u\000m\000e\000n\000t\000a\000c\000j\000a\000\040\000w\001\102\000a\001\133\000c\000i\000w\000o\001\133\000c\000i}{section.6.17}
\BOOKMARK [3][-]{subsubsection.6.17.4.1}{\376\377\000p\000l\000i\000k}{subsection.6.17.4}
\BOOKMARK [1][-]{section.6.18}{\376\377\000D\000o\000k\000u\000m\000e\000n\000t\000a\000c\000j\000a\000\040\000k\000l\000a\000s\000y\000\040\000A\000S\000S\0008\000.\000K\000l\000i\000e\000n\000t\000.\000p\000l\000i\000k\000I\000n\000f\000o}{chapter.6}
\BOOKMARK [2][-]{subsection.6.18.1}{\376\377\000O\000p\000i\000s\000\040\000s\000z\000c\000z\000e\000g\000\363\001\102\000o\000w\000y}{section.6.18}
\BOOKMARK [2][-]{subsection.6.18.2}{\376\377\000D\000o\000k\000u\000m\000e\000n\000t\000a\000c\000j\000a\000\040\000k\000o\000n\000s\000t\000r\000u\000k\000t\000o\000r\000a\000\040\000i\000\040\000d\000e\000s\000t\000r\000u\000k\000t\000o\000r\000a}{section.6.18}
\BOOKMARK [3][-]{subsubsection.6.18.2.1}{\376\377\000p\000l\000i\000k\000I\000n\000f\000o}{subsection.6.18.2}
\BOOKMARK [3][-]{subsubsection.6.18.2.2}{\376\377\000p\000l\000i\000k\000I\000n\000f\000o}{subsection.6.18.2}
\BOOKMARK [2][-]{subsection.6.18.3}{\376\377\000D\000o\000k\000u\000m\000e\000n\000t\000a\000c\000j\000a\000\040\000a\000t\000r\000y\000b\000u\000t\000\363\000w\000\040\000s\000k\001\102\000a\000d\000o\000w\000y\000c\000h}{section.6.18}
\BOOKMARK [3][-]{subsubsection.6.18.3.1}{\376\377\000p\000D\000a\000t\000a}{subsection.6.18.3}
\BOOKMARK [3][-]{subsubsection.6.18.3.2}{\376\377\000p\000D\000o\000s\000t\000e\000p}{subsection.6.18.3}
\BOOKMARK [3][-]{subsubsection.6.18.3.3}{\376\377\000p\000H\000a\000s\000h}{subsection.6.18.3}
\BOOKMARK [3][-]{subsubsection.6.18.3.4}{\376\377\000p\000R\000o\000z\000m\000i\000a\000r}{subsection.6.18.3}
\BOOKMARK [2][-]{subsection.6.18.4}{\376\377\000D\000o\000k\000u\000m\000e\000n\000t\000a\000c\000j\000a\000\040\000w\001\102\000a\001\133\000c\000i\000w\000o\001\133\000c\000i}{section.6.18}
\BOOKMARK [3][-]{subsubsection.6.18.4.1}{\376\377\000d\000a\000t\000a}{subsection.6.18.4}
\BOOKMARK [3][-]{subsubsection.6.18.4.2}{\376\377\000d\000o\000s\000t\000e\000p}{subsection.6.18.4}
\BOOKMARK [3][-]{subsubsection.6.18.4.3}{\376\377\000h\000a\000s\000h}{subsection.6.18.4}
\BOOKMARK [3][-]{subsubsection.6.18.4.4}{\376\377\000r\000o\000z\000m\000i\000a\000r}{subsection.6.18.4}
\BOOKMARK [1][-]{section.6.19}{\376\377\000D\000o\000k\000u\000m\000e\000n\000t\000a\000c\000j\000a\000\040\000k\000l\000a\000s\000y\000\040\000A\000S\000S\0008\000.\000K\000l\000i\000e\000n\000t\000.\000P\000o\000b\000i\000e\000r\000a\000n\000e}{chapter.6}
\BOOKMARK [2][-]{subsection.6.19.1}{\376\377\000O\000p\000i\000s\000\040\000s\000z\000c\000z\000e\000g\000\363\001\102\000o\000w\000y}{section.6.19}
\BOOKMARK [2][-]{subsection.6.19.2}{\376\377\000D\000o\000k\000u\000m\000e\000n\000t\000a\000c\000j\000a\000\040\000k\000o\000n\000s\000t\000r\000u\000k\000t\000o\000r\000a\000\040\000i\000\040\000d\000e\000s\000t\000r\000u\000k\000t\000o\000r\000a}{section.6.19}
\BOOKMARK [3][-]{subsubsection.6.19.2.1}{\376\377\000P\000o\000b\000i\000e\000r\000a\000n\000e}{subsection.6.19.2}
\BOOKMARK [2][-]{subsection.6.19.3}{\376\377\000D\000o\000k\000u\000m\000e\000n\000t\000a\000c\000j\000a\000\040\000f\000u\000n\000k\000c\000j\000i\000\040\000s\000k\001\102\000a\000d\000o\000w\000y\000c\000h}{section.6.19}
\BOOKMARK [3][-]{subsubsection.6.19.3.1}{\376\377\000b\000t\000n\000C\000z\000y\000s\000c\000\137\000C\000l\000i\000c\000k}{subsection.6.19.3}
\BOOKMARK [3][-]{subsubsection.6.19.3.2}{\376\377\000b\000t\000n\000Z\000a\000m\000k\000n\000i\000j\000\137\000C\000l\000i\000c\000k}{subsection.6.19.3}
\BOOKMARK [3][-]{subsubsection.6.19.3.3}{\376\377\000d\000o\000d\000a\000j\000Z\000a\000d\000a\000n\000i\000e}{subsection.6.19.3}
\BOOKMARK [3][-]{subsubsection.6.19.3.4}{\376\377\000P\000o\000b\000i\000e\000r\000a\000n\000e\000\137\000F\000o\000r\000m\000C\000l\000o\000s\000i\000n\000g}{subsection.6.19.3}
\BOOKMARK [3][-]{subsubsection.6.19.3.5}{\376\377\000u\000s\000u\000n\000Z\000a\000d\000a\000n\000i\000e}{subsection.6.19.3}
\BOOKMARK [1][-]{section.6.20}{\376\377\000D\000o\000k\000u\000m\000e\000n\000t\000a\000c\000j\000a\000\040\000k\000l\000a\000s\000y\000\040\000A\000S\000S\0008\000.\000K\000l\000i\000e\000n\000t\000.\000p\000o\000j\000e\000d\000y\000n\000c\000z\000y\000P\000l\000i\000k}{chapter.6}
\BOOKMARK [2][-]{subsection.6.20.1}{\376\377\000O\000p\000i\000s\000\040\000s\000z\000c\000z\000e\000g\000\363\001\102\000o\000w\000y}{section.6.20}
\BOOKMARK [2][-]{subsection.6.20.2}{\376\377\000D\000o\000k\000u\000m\000e\000n\000t\000a\000c\000j\000a\000\040\000k\000o\000n\000s\000t\000r\000u\000k\000t\000o\000r\000a\000\040\000i\000\040\000d\000e\000s\000t\000r\000u\000k\000t\000o\000r\000a}{section.6.20}
\BOOKMARK [3][-]{subsubsection.6.20.2.1}{\376\377\000p\000o\000j\000e\000d\000y\000n\000c\000z\000y\000P\000l\000i\000k}{subsection.6.20.2}
\BOOKMARK [3][-]{subsubsection.6.20.2.2}{\376\377\000p\000o\000j\000e\000d\000y\000n\000c\000z\000y\000P\000l\000i\000k}{subsection.6.20.2}
\BOOKMARK [2][-]{subsection.6.20.3}{\376\377\000D\000o\000k\000u\000m\000e\000n\000t\000a\000c\000j\000a\000\040\000a\000t\000r\000y\000b\000u\000t\000\363\000w\000\040\000s\000k\001\102\000a\000d\000o\000w\000y\000c\000h}{section.6.20}
\BOOKMARK [3][-]{subsubsection.6.20.3.1}{\376\377\000p\000C\000z\000a\000s}{subsection.6.20.3}
\BOOKMARK [3][-]{subsubsection.6.20.3.2}{\376\377\000p\000H\000a\000s\000h}{subsection.6.20.3}
\BOOKMARK [3][-]{subsubsection.6.20.3.3}{\376\377\000p\000N\000a\000z\000w\000a}{subsection.6.20.3}
\BOOKMARK [2][-]{subsection.6.20.4}{\376\377\000D\000o\000k\000u\000m\000e\000n\000t\000a\000c\000j\000a\000\040\000w\001\102\000a\001\133\000c\000i\000w\000o\001\133\000c\000i}{section.6.20}
\BOOKMARK [3][-]{subsubsection.6.20.4.1}{\376\377\000d\000a\000t\000a}{subsection.6.20.4}
\BOOKMARK [3][-]{subsubsection.6.20.4.2}{\376\377\000h\000a\000s\000h}{subsection.6.20.4}
\BOOKMARK [3][-]{subsubsection.6.20.4.3}{\376\377\000n\000a\000z\000w\000a}{subsection.6.20.4}
\BOOKMARK [1][-]{section.6.21}{\376\377\000D\000o\000k\000u\000m\000e\000n\000t\000a\000c\000j\000a\000\040\000k\000l\000a\000s\000y\000\040\000A\000S\000S\0008\000.\000K\000l\000i\000e\000n\000t\000.\000P\000r\000o\000g\000r\000a\000m}{chapter.6}
\BOOKMARK [2][-]{subsection.6.21.1}{\376\377\000O\000p\000i\000s\000\040\000s\000z\000c\000z\000e\000g\000\363\001\102\000o\000w\000y}{section.6.21}
\BOOKMARK [2][-]{subsection.6.21.2}{\376\377\000D\000o\000k\000u\000m\000e\000n\000t\000a\000c\000j\000a\000\040\000f\000u\000n\000k\000c\000j\000i\000\040\000s\000k\001\102\000a\000d\000o\000w\000y\000c\000h}{section.6.21}
\BOOKMARK [3][-]{subsubsection.6.21.2.1}{\376\377\000M\000a\000i\000n}{subsection.6.21.2}
\BOOKMARK [1][-]{section.6.22}{\376\377\000D\000o\000k\000u\000m\000e\000n\000t\000a\000c\000j\000a\000\040\000k\000l\000a\000s\000y\000\040\000A\000S\000S\0008\000.\000K\000l\000i\000e\000n\000t\000.\000P\000r\000o\000p\000e\000r\000t\000i\000e\000s\000.\000R\000e\000s\000o\000u\000r\000c\000e\000s}{chapter.6}
\BOOKMARK [2][-]{subsection.6.22.1}{\376\377\000O\000p\000i\000s\000\040\000s\000z\000c\000z\000e\000g\000\363\001\102\000o\000w\000y}{section.6.22}
\BOOKMARK [2][-]{subsection.6.22.2}{\376\377\000D\000o\000k\000u\000m\000e\000n\000t\000a\000c\000j\000a\000\040\000k\000o\000n\000s\000t\000r\000u\000k\000t\000o\000r\000a\000\040\000i\000\040\000d\000e\000s\000t\000r\000u\000k\000t\000o\000r\000a}{section.6.22}
\BOOKMARK [3][-]{subsubsection.6.22.2.1}{\376\377\000R\000e\000s\000o\000u\000r\000c\000e\000s}{subsection.6.22.2}
\BOOKMARK [2][-]{subsection.6.22.3}{\376\377\000D\000o\000k\000u\000m\000e\000n\000t\000a\000c\000j\000a\000\040\000a\000t\000r\000y\000b\000u\000t\000\363\000w\000\040\000s\000k\001\102\000a\000d\000o\000w\000y\000c\000h}{section.6.22}
\BOOKMARK [3][-]{subsubsection.6.22.3.1}{\376\377\000r\000e\000s\000o\000u\000r\000c\000e\000C\000u\000l\000t\000u\000r\000e}{subsection.6.22.3}
\BOOKMARK [3][-]{subsubsection.6.22.3.2}{\376\377\000r\000e\000s\000o\000u\000r\000c\000e\000M\000a\000n}{subsection.6.22.3}
\BOOKMARK [2][-]{subsection.6.22.4}{\376\377\000D\000o\000k\000u\000m\000e\000n\000t\000a\000c\000j\000a\000\040\000w\001\102\000a\001\133\000c\000i\000w\000o\001\133\000c\000i}{section.6.22}
\BOOKMARK [3][-]{subsubsection.6.22.4.1}{\376\377\000C\000u\000l\000t\000u\000r\000e}{subsection.6.22.4}
\BOOKMARK [3][-]{subsubsection.6.22.4.2}{\376\377\000R\000e\000s\000o\000u\000r\000c\000e\000M\000a\000n\000a\000g\000e\000r}{subsection.6.22.4}
\BOOKMARK [1][-]{section.6.23}{\376\377\000D\000o\000k\000u\000m\000e\000n\000t\000a\000c\000j\000a\000\040\000k\000l\000a\000s\000y\000\040\000A\000S\000S\0008\000.\000K\000l\000i\000e\000n\000t\000.\000s\000e\000r\000w\000e\000r\000B\000a\000s\000e}{chapter.6}
\BOOKMARK [2][-]{subsection.6.23.1}{\376\377\000O\000p\000i\000s\000\040\000s\000z\000c\000z\000e\000g\000\363\001\102\000o\000w\000y}{section.6.23}
\BOOKMARK [2][-]{subsection.6.23.2}{\376\377\000D\000o\000k\000u\000m\000e\000n\000t\000a\000c\000j\000a\000\040\000k\000o\000n\000s\000t\000r\000u\000k\000t\000o\000r\000a\000\040\000i\000\040\000d\000e\000s\000t\000r\000u\000k\000t\000o\000r\000a}{section.6.23}
\BOOKMARK [3][-]{subsubsection.6.23.2.1}{\376\377\000s\000e\000r\000w\000e\000r\000B\000a\000s\000e}{subsection.6.23.2}
\BOOKMARK [3][-]{subsubsection.6.23.2.2}{\376\377\000s\000e\000r\000w\000e\000r\000B\000a\000s\000e}{subsection.6.23.2}
\BOOKMARK [2][-]{subsection.6.23.3}{\376\377\000D\000o\000k\000u\000m\000e\000n\000t\000a\000c\000j\000a\000\040\000a\000t\000r\000y\000b\000u\000t\000\363\000w\000\040\000s\000k\001\102\000a\000d\000o\000w\000y\000c\000h}{section.6.23}
\BOOKMARK [3][-]{subsubsection.6.23.3.1}{\376\377\000p\000O\000d\000p\000o\000w\000i\000e\000d\000z}{subsection.6.23.3}
\BOOKMARK [3][-]{subsubsection.6.23.3.2}{\376\377\000p\000O\000p}{subsection.6.23.3}
\BOOKMARK [2][-]{subsection.6.23.4}{\376\377\000D\000o\000k\000u\000m\000e\000n\000t\000a\000c\000j\000a\000\040\000w\001\102\000a\001\133\000c\000i\000w\000o\001\133\000c\000i}{section.6.23}
\BOOKMARK [3][-]{subsubsection.6.23.4.1}{\376\377\000o\000d\000p}{subsection.6.23.4}
\BOOKMARK [3][-]{subsubsection.6.23.4.2}{\376\377\000o\000p\000e\000r\000a\000c\000j\000a}{subsection.6.23.4}
\BOOKMARK [1][-]{section.6.24}{\376\377\000D\000o\000k\000u\000m\000e\000n\000t\000a\000c\000j\000a\000\040\000k\000l\000a\000s\000y\000\040\000A\000S\000S\0008\000.\000K\000l\000i\000e\000n\000t\000.\000s\000e\000r\000w\000e\000r\000H\000a\000s\000h}{chapter.6}
\BOOKMARK [2][-]{subsection.6.24.1}{\376\377\000O\000p\000i\000s\000\040\000s\000z\000c\000z\000e\000g\000\363\001\102\000o\000w\000y}{section.6.24}
\BOOKMARK [2][-]{subsection.6.24.2}{\376\377\000D\000o\000k\000u\000m\000e\000n\000t\000a\000c\000j\000a\000\040\000k\000o\000n\000s\000t\000r\000u\000k\000t\000o\000r\000a\000\040\000i\000\040\000d\000e\000s\000t\000r\000u\000k\000t\000o\000r\000a}{section.6.24}
\BOOKMARK [3][-]{subsubsection.6.24.2.1}{\376\377\000s\000e\000r\000w\000e\000r\000H\000a\000s\000h}{subsection.6.24.2}
\BOOKMARK [3][-]{subsubsection.6.24.2.2}{\376\377\000s\000e\000r\000w\000e\000r\000H\000a\000s\000h}{subsection.6.24.2}
\BOOKMARK [2][-]{subsection.6.24.3}{\376\377\000D\000o\000k\000u\000m\000e\000n\000t\000a\000c\000j\000a\000\040\000a\000t\000r\000y\000b\000u\000t\000\363\000w\000\040\000s\000k\001\102\000a\000d\000o\000w\000y\000c\000h}{section.6.24}
\BOOKMARK [3][-]{subsubsection.6.24.3.1}{\376\377\000p\000H\000a\000s\000h}{subsection.6.24.3}
\BOOKMARK [2][-]{subsection.6.24.4}{\376\377\000D\000o\000k\000u\000m\000e\000n\000t\000a\000c\000j\000a\000\040\000w\001\102\000a\001\133\000c\000i\000w\000o\001\133\000c\000i}{section.6.24}
\BOOKMARK [3][-]{subsubsection.6.24.4.1}{\376\377\000h\000a\000s\000h}{subsection.6.24.4}
\BOOKMARK [1][-]{section.6.25}{\376\377\000D\000o\000k\000u\000m\000e\000n\000t\000a\000c\000j\000a\000\040\000k\000l\000a\000s\000y\000\040\000A\000S\000S\0008\000.\000K\000l\000i\000e\000n\000t\000.\000s\000e\000r\000w\000e\000r\000L\000o\000g\000o\000w\000a\000n\000i\000e}{chapter.6}
\BOOKMARK [2][-]{subsection.6.25.1}{\376\377\000O\000p\000i\000s\000\040\000s\000z\000c\000z\000e\000g\000\363\001\102\000o\000w\000y}{section.6.25}
\BOOKMARK [2][-]{subsection.6.25.2}{\376\377\000D\000o\000k\000u\000m\000e\000n\000t\000a\000c\000j\000a\000\040\000k\000o\000n\000s\000t\000r\000u\000k\000t\000o\000r\000a\000\040\000i\000\040\000d\000e\000s\000t\000r\000u\000k\000t\000o\000r\000a}{section.6.25}
\BOOKMARK [3][-]{subsubsection.6.25.2.1}{\376\377\000s\000e\000r\000w\000e\000r\000L\000o\000g\000o\000w\000a\000n\000i\000e}{subsection.6.25.2}
\BOOKMARK [3][-]{subsubsection.6.25.2.2}{\376\377\000s\000e\000r\000w\000e\000r\000L\000o\000g\000o\000w\000a\000n\000i\000e}{subsection.6.25.2}
\BOOKMARK [2][-]{subsection.6.25.3}{\376\377\000D\000o\000k\000u\000m\000e\000n\000t\000a\000c\000j\000a\000\040\000a\000t\000r\000y\000b\000u\000t\000\363\000w\000\040\000s\000k\001\102\000a\000d\000o\000w\000y\000c\000h}{section.6.25}
\BOOKMARK [3][-]{subsubsection.6.25.3.1}{\376\377\000p\000O\000d\000p\000o\000w\000i\000e\000d\000z}{subsection.6.25.3}
\BOOKMARK [3][-]{subsubsection.6.25.3.2}{\376\377\000p\000S\000e\000s\000j\000a}{subsection.6.25.3}
\BOOKMARK [3][-]{subsubsection.6.25.3.3}{\376\377\000p\000W\000e\000r\000s\000j\000a}{subsection.6.25.3}
\BOOKMARK [2][-]{subsection.6.25.4}{\376\377\000D\000o\000k\000u\000m\000e\000n\000t\000a\000c\000j\000a\000\040\000w\001\102\000a\001\133\000c\000i\000w\000o\001\133\000c\000i}{section.6.25}
\BOOKMARK [3][-]{subsubsection.6.25.4.1}{\376\377\000o\000d\000p\000o\000w\000i\000e\000d\000z}{subsection.6.25.4}
\BOOKMARK [3][-]{subsubsection.6.25.4.2}{\376\377\000s\000e\000s\000j\000a}{subsection.6.25.4}
\BOOKMARK [3][-]{subsubsection.6.25.4.3}{\376\377\000w\000e\000r\000s\000j\000a}{subsection.6.25.4}
\BOOKMARK [1][-]{section.6.26}{\376\377\000D\000o\000k\000u\000m\000e\000n\000t\000a\000c\000j\000a\000\040\000k\000l\000a\000s\000y\000\040\000A\000S\000S\0008\000.\000K\000l\000i\000e\000n\000t\000.\000s\000e\000r\000w\000e\000r\000P\000l\000i\000k\000i}{chapter.6}
\BOOKMARK [2][-]{subsection.6.26.1}{\376\377\000O\000p\000i\000s\000\040\000s\000z\000c\000z\000e\000g\000\363\001\102\000o\000w\000y}{section.6.26}
\BOOKMARK [2][-]{subsection.6.26.2}{\376\377\000D\000o\000k\000u\000m\000e\000n\000t\000a\000c\000j\000a\000\040\000k\000o\000n\000s\000t\000r\000u\000k\000t\000o\000r\000a\000\040\000i\000\040\000d\000e\000s\000t\000r\000u\000k\000t\000o\000r\000a}{section.6.26}
\BOOKMARK [3][-]{subsubsection.6.26.2.1}{\376\377\000s\000e\000r\000w\000e\000r\000P\000l\000i\000k\000i}{subsection.6.26.2}
\BOOKMARK [2][-]{subsection.6.26.3}{\376\377\000D\000o\000k\000u\000m\000e\000n\000t\000a\000c\000j\000a\000\040\000a\000t\000r\000y\000b\000u\000t\000\363\000w\000\040\000s\000k\001\102\000a\000d\000o\000w\000y\000c\000h}{section.6.26}
\BOOKMARK [3][-]{subsubsection.6.26.3.1}{\376\377\000p\000P\000l\000i\000k}{subsection.6.26.3}
\BOOKMARK [2][-]{subsection.6.26.4}{\376\377\000D\000o\000k\000u\000m\000e\000n\000t\000a\000c\000j\000a\000\040\000w\001\102\000a\001\133\000c\000i\000w\000o\001\133\000c\000i}{section.6.26}
\BOOKMARK [3][-]{subsubsection.6.26.4.1}{\376\377\000p\000l\000i\000k}{subsection.6.26.4}
\BOOKMARK [1][-]{section.6.27}{\376\377\000D\000o\000k\000u\000m\000e\000n\000t\000a\000c\000j\000a\000\040\000k\000l\000a\000s\000y\000\040\000A\000S\000S\0008\000.\000K\000l\000i\000e\000n\000t\000.\000P\000r\000o\000p\000e\000r\000t\000i\000e\000s\000.\000S\000e\000t\000t\000i\000n\000g\000s}{chapter.6}
\BOOKMARK [2][-]{subsection.6.27.1}{\376\377\000O\000p\000i\000s\000\040\000s\000z\000c\000z\000e\000g\000\363\001\102\000o\000w\000y}{section.6.27}
\BOOKMARK [2][-]{subsection.6.27.2}{\376\377\000D\000o\000k\000u\000m\000e\000n\000t\000a\000c\000j\000a\000\040\000a\000t\000r\000y\000b\000u\000t\000\363\000w\000\040\000s\000k\001\102\000a\000d\000o\000w\000y\000c\000h}{section.6.27}
\BOOKMARK [3][-]{subsubsection.6.27.2.1}{\376\377\000d\000e\000f\000a\000u\000l\000t\000I\000n\000s\000t\000a\000n\000c\000e}{subsection.6.27.2}
\BOOKMARK [2][-]{subsection.6.27.3}{\376\377\000D\000o\000k\000u\000m\000e\000n\000t\000a\000c\000j\000a\000\040\000w\001\102\000a\001\133\000c\000i\000w\000o\001\133\000c\000i}{section.6.27}
\BOOKMARK [3][-]{subsubsection.6.27.3.1}{\376\377\000D\000e\000f\000a\000u\000l\000t}{subsection.6.27.3}
\BOOKMARK [1][-]{section.6.28}{\376\377\000D\000o\000k\000u\000m\000e\000n\000t\000a\000c\000j\000a\000\040\000k\000l\000a\000s\000y\000\040\000A\000S\000S\0008\000.\000K\000l\000i\000e\000n\000t\000.\000u\000s\000t\000a\000w\000i\000e\000n\000i\000a}{chapter.6}
\BOOKMARK [2][-]{subsection.6.28.1}{\376\377\000O\000p\000i\000s\000\040\000s\000z\000c\000z\000e\000g\000\363\001\102\000o\000w\000y}{section.6.28}
\BOOKMARK [2][-]{subsection.6.28.2}{\376\377\000D\000o\000k\000u\000m\000e\000n\000t\000a\000c\000j\000a\000\040\000k\000o\000n\000s\000t\000r\000u\000k\000t\000o\000r\000a\000\040\000i\000\040\000d\000e\000s\000t\000r\000u\000k\000t\000o\000r\000a}{section.6.28}
\BOOKMARK [3][-]{subsubsection.6.28.2.1}{\376\377\000u\000s\000t\000a\000w\000i\000e\000n\000i\000a}{subsection.6.28.2}
\BOOKMARK [3][-]{subsubsection.6.28.2.2}{\376\377\000u\000s\000t\000a\000w\000i\000e\000n\000i\000a}{subsection.6.28.2}
\BOOKMARK [2][-]{subsection.6.28.3}{\376\377\000D\000o\000k\000u\000m\000e\000n\000t\000a\000c\000j\000a\000\040\000a\000t\000r\000y\000b\000u\000t\000\363\000w\000\040\000s\000k\001\102\000a\000d\000o\000w\000y\000c\000h}{section.6.28}
\BOOKMARK [3][-]{subsubsection.6.28.3.1}{\376\377\000p\000I\000p}{subsection.6.28.3}
\BOOKMARK [3][-]{subsubsection.6.28.3.2}{\376\377\000p\000P\000o\000r\000t}{subsection.6.28.3}
\BOOKMARK [2][-]{subsection.6.28.4}{\376\377\000D\000o\000k\000u\000m\000e\000n\000t\000a\000c\000j\000a\000\040\000w\001\102\000a\001\133\000c\000i\000w\000o\001\133\000c\000i}{section.6.28}
\BOOKMARK [3][-]{subsubsection.6.28.4.1}{\376\377\000i\000p}{subsection.6.28.4}
\BOOKMARK [3][-]{subsubsection.6.28.4.2}{\376\377\000p\000o\000r\000t}{subsection.6.28.4}
\BOOKMARK [1][-]{section.6.29}{\376\377\000D\000o\000k\000u\000m\000e\000n\000t\000a\000c\000j\000a\000\040\000k\000l\000a\000s\000y\000\040\000A\000S\000S\0008\000.\000K\000l\000i\000e\000n\000t\000.\000u\000s\000t\000a\000w\000i\000e\000n\000i\000a\000\137\000u\000z\000y\000t\000k\000o\000w\000n\000i\000k\000a}{chapter.6}
\BOOKMARK [2][-]{subsection.6.29.1}{\376\377\000O\000p\000i\000s\000\040\000s\000z\000c\000z\000e\000g\000\363\001\102\000o\000w\000y}{section.6.29}
\BOOKMARK [2][-]{subsection.6.29.2}{\376\377\000D\000o\000k\000u\000m\000e\000n\000t\000a\000c\000j\000a\000\040\000k\000o\000n\000s\000t\000r\000u\000k\000t\000o\000r\000a\000\040\000i\000\040\000d\000e\000s\000t\000r\000u\000k\000t\000o\000r\000a}{section.6.29}
\BOOKMARK [3][-]{subsubsection.6.29.2.1}{\376\377\000u\000s\000t\000a\000w\000i\000e\000n\000i\000a\000\137\000u\000z\000y\000t\000k\000o\000w\000n\000i\000k\000a}{subsection.6.29.2}
\BOOKMARK [3][-]{subsubsection.6.29.2.2}{\376\377\000u\000s\000t\000a\000w\000i\000e\000n\000i\000a\000\137\000u\000z\000y\000t\000k\000o\000w\000n\000i\000k\000a}{subsection.6.29.2}
\BOOKMARK [2][-]{subsection.6.29.3}{\376\377\000D\000o\000k\000u\000m\000e\000n\000t\000a\000c\000j\000a\000\040\000a\000t\000r\000y\000b\000u\000t\000\363\000w\000\040\000s\000k\001\102\000a\000d\000o\000w\000y\000c\000h}{section.6.29}
\BOOKMARK [3][-]{subsubsection.6.29.3.1}{\376\377\000p\000B\000l\000e\000d\000y}{subsection.6.29.3}
\BOOKMARK [3][-]{subsubsection.6.29.3.2}{\376\377\000p\000H\000a\000s\000l\000o\000P\000r\000o\000x\000y}{subsection.6.29.3}
\BOOKMARK [3][-]{subsubsection.6.29.3.3}{\376\377\000p\000L\000o\000g\000i\000n\000P\000r\000o\000x\000y}{subsection.6.29.3}
\BOOKMARK [3][-]{subsubsection.6.29.3.4}{\376\377\000p\000P\000o\000r\000t\000P\000r\000o\000x\000y}{subsection.6.29.3}
\BOOKMARK [3][-]{subsubsection.6.29.3.5}{\376\377\000p\000P\000r\000o\000x\000y}{subsection.6.29.3}
\BOOKMARK [3][-]{subsubsection.6.29.3.6}{\376\377\000p\000S\000c\000i\000e\000z\000k\000a}{subsection.6.29.3}
\BOOKMARK [3][-]{subsubsection.6.29.3.7}{\376\377\000p\000S\000e\000k\000u\000n\000d\000y}{subsection.6.29.3}
\BOOKMARK [3][-]{subsubsection.6.29.3.8}{\376\377\000p\000S\000e\000r\000w\000e\000r\000P\000r\000o\000x\000y}{subsection.6.29.3}
\BOOKMARK [3][-]{subsubsection.6.29.3.9}{\376\377\000p\000U\000w\000i\000e\000r\000z\000y\000t\000e\000l\000n\000i\000e\000n\000i\000e\000P\000r\000o\000x\000y}{subsection.6.29.3}
\BOOKMARK [2][-]{subsection.6.29.4}{\376\377\000D\000o\000k\000u\000m\000e\000n\000t\000a\000c\000j\000a\000\040\000w\001\102\000a\001\133\000c\000i\000w\000o\001\133\000c\000i}{section.6.29}
\BOOKMARK [3][-]{subsubsection.6.29.4.1}{\376\377\000b\000l\000e\000d\000y}{subsection.6.29.4}
\BOOKMARK [3][-]{subsubsection.6.29.4.2}{\376\377\000h\000a\000s\000l\000o\000P\000r\000o\000x\000y}{subsection.6.29.4}
\BOOKMARK [3][-]{subsubsection.6.29.4.3}{\376\377\000l\000o\000g\000i\000n\000P\000r\000o\000x\000y}{subsection.6.29.4}
\BOOKMARK [3][-]{subsubsection.6.29.4.4}{\376\377\000p\000o\000r\000t\000P\000r\000o\000x\000y}{subsection.6.29.4}
\BOOKMARK [3][-]{subsubsection.6.29.4.5}{\376\377\000p\000r\000o\000x\000y}{subsection.6.29.4}
\BOOKMARK [3][-]{subsubsection.6.29.4.6}{\376\377\000s\000c\000i\000e\000z\000k\000a}{subsection.6.29.4}
\BOOKMARK [3][-]{subsubsection.6.29.4.7}{\376\377\000s\000e\000k\000u\000n\000d\000y}{subsection.6.29.4}
\BOOKMARK [3][-]{subsubsection.6.29.4.8}{\376\377\000s\000e\000r\000w\000e\000r\000P\000r\000o\000x\000y}{subsection.6.29.4}
\BOOKMARK [3][-]{subsubsection.6.29.4.9}{\376\377\000u\000w\000i\000e\000r\000z\000y\000t\000e\000l\000n\000i\000e\000n\000i\000e}{subsection.6.29.4}
\BOOKMARK [1][-]{section.6.30}{\376\377\000D\000o\000k\000u\000m\000e\000n\000t\000a\000c\000j\000a\000\040\000k\000l\000a\000s\000y\000\040\000A\000S\000S\0008\000.\000K\000l\000i\000e\000n\000t\000.\000W\000y\000j\000a\000t\000k\000i}{chapter.6}
\BOOKMARK [2][-]{subsection.6.30.1}{\376\377\000O\000p\000i\000s\000\040\000s\000z\000c\000z\000e\000g\000\363\001\102\000o\000w\000y}{section.6.30}
\BOOKMARK [1][-]{section.6.31}{\376\377\000D\000o\000k\000u\000m\000e\000n\000t\000a\000c\000j\000a\000\040\000k\000l\000a\000s\000y\000\040\000A\000S\000S\0008\000.\000K\000l\000i\000e\000n\000t\000.\000W\000y\000j\000a\000t\000k\000i\000.\000W\000y\000j\000a\000t\000k\000i\000.\000B\000l\000a\000d\000N\000i\000e\000o\000k\000r\000e\000s\000l\000o\000n\000y}{chapter.6}
\BOOKMARK [2][-]{subsection.6.31.1}{\376\377\000O\000p\000i\000s\000\040\000s\000z\000c\000z\000e\000g\000\363\001\102\000o\000w\000y}{section.6.31}
\BOOKMARK [2][-]{subsection.6.31.2}{\376\377\000D\000o\000k\000u\000m\000e\000n\000t\000a\000c\000j\000a\000\040\000k\000o\000n\000s\000t\000r\000u\000k\000t\000o\000r\000a\000\040\000i\000\040\000d\000e\000s\000t\000r\000u\000k\000t\000o\000r\000a}{section.6.31}
\BOOKMARK [3][-]{subsubsection.6.31.2.1}{\376\377\000B\000l\000a\000d\000N\000i\000e\000o\000k\000r\000e\000s\000l\000o\000n\000y}{subsection.6.31.2}
\BOOKMARK [2][-]{subsection.6.31.3}{\376\377\000D\000o\000k\000u\000m\000e\000n\000t\000a\000c\000j\000a\000\040\000f\000u\000n\000k\000c\000j\000i\000\040\000s\000k\001\102\000a\000d\000o\000w\000y\000c\000h}{section.6.31}
\BOOKMARK [3][-]{subsubsection.6.31.3.1}{\376\377\000T\000o\000S\000t\000r\000i\000n\000g}{subsection.6.31.3}
\BOOKMARK [2][-]{subsection.6.31.4}{\376\377\000D\000o\000k\000u\000m\000e\000n\000t\000a\000c\000j\000a\000\040\000a\000t\000r\000y\000b\000u\000t\000\363\000w\000\040\000s\000k\001\102\000a\000d\000o\000w\000y\000c\000h}{section.6.31}
\BOOKMARK [3][-]{subsubsection.6.31.4.1}{\376\377\000b\000l\000a\000d}{subsection.6.31.4}
\BOOKMARK [1][-]{section.6.32}{\376\377\000D\000o\000k\000u\000m\000e\000n\000t\000a\000c\000j\000a\000\040\000k\000l\000a\000s\000y\000\040\000A\000S\000S\0008\000.\000K\000l\000i\000e\000n\000t\000.\000W\000y\000j\000a\000t\000k\000i\000.\000W\000y\000j\000a\000t\000k\000i\000.\000B\000l\000a\000d\000O\000d\000b\000i\000e\000r\000a\000n\000i\000a}{chapter.6}
\BOOKMARK [2][-]{subsection.6.32.1}{\376\377\000O\000p\000i\000s\000\040\000s\000z\000c\000z\000e\000g\000\363\001\102\000o\000w\000y}{section.6.32}
\BOOKMARK [2][-]{subsection.6.32.2}{\376\377\000D\000o\000k\000u\000m\000e\000n\000t\000a\000c\000j\000a\000\040\000k\000o\000n\000s\000t\000r\000u\000k\000t\000o\000r\000a\000\040\000i\000\040\000d\000e\000s\000t\000r\000u\000k\000t\000o\000r\000a}{section.6.32}
\BOOKMARK [3][-]{subsubsection.6.32.2.1}{\376\377\000B\000l\000a\000d\000O\000d\000b\000i\000e\000r\000a\000n\000i\000a}{subsection.6.32.2}
\BOOKMARK [2][-]{subsection.6.32.3}{\376\377\000D\000o\000k\000u\000m\000e\000n\000t\000a\000c\000j\000a\000\040\000f\000u\000n\000k\000c\000j\000i\000\040\000s\000k\001\102\000a\000d\000o\000w\000y\000c\000h}{section.6.32}
\BOOKMARK [3][-]{subsubsection.6.32.3.1}{\376\377\000a\000d\000d}{subsection.6.32.3}
\BOOKMARK [3][-]{subsubsection.6.32.3.2}{\376\377\000T\000o\000S\000t\000r\000i\000n\000g}{subsection.6.32.3}
\BOOKMARK [2][-]{subsection.6.32.4}{\376\377\000D\000o\000k\000u\000m\000e\000n\000t\000a\000c\000j\000a\000\040\000a\000t\000r\000y\000b\000u\000t\000\363\000w\000\040\000s\000k\001\102\000a\000d\000o\000w\000y\000c\000h}{section.6.32}
\BOOKMARK [3][-]{subsubsection.6.32.4.1}{\376\377\000b\000l\000a\000d}{subsection.6.32.4}
\BOOKMARK [1][-]{section.6.33}{\376\377\000D\000o\000k\000u\000m\000e\000n\000t\000a\000c\000j\000a\000\040\000k\000l\000a\000s\000y\000\040\000A\000S\000S\0008\000.\000K\000l\000i\000e\000n\000t\000.\000W\000y\000j\000a\000t\000k\000i\000.\000W\000y\000j\000a\000t\000k\000i\000.\000B\000l\000a\000d\000P\000a\000r\000s\000o\000w\000a\000n\000i\000a}{chapter.6}
\BOOKMARK [2][-]{subsection.6.33.1}{\376\377\000O\000p\000i\000s\000\040\000s\000z\000c\000z\000e\000g\000\363\001\102\000o\000w\000y}{section.6.33}
\BOOKMARK [2][-]{subsection.6.33.2}{\376\377\000D\000o\000k\000u\000m\000e\000n\000t\000a\000c\000j\000a\000\040\000k\000o\000n\000s\000t\000r\000u\000k\000t\000o\000r\000a\000\040\000i\000\040\000d\000e\000s\000t\000r\000u\000k\000t\000o\000r\000a}{section.6.33}
\BOOKMARK [3][-]{subsubsection.6.33.2.1}{\376\377\000B\000l\000a\000d\000P\000a\000r\000s\000o\000w\000a\000n\000i\000a}{subsection.6.33.2}
\BOOKMARK [2][-]{subsection.6.33.3}{\376\377\000D\000o\000k\000u\000m\000e\000n\000t\000a\000c\000j\000a\000\040\000f\000u\000n\000k\000c\000j\000i\000\040\000s\000k\001\102\000a\000d\000o\000w\000y\000c\000h}{section.6.33}
\BOOKMARK [3][-]{subsubsection.6.33.3.1}{\376\377\000T\000o\000S\000t\000r\000i\000n\000g}{subsection.6.33.3}
\BOOKMARK [2][-]{subsection.6.33.4}{\376\377\000D\000o\000k\000u\000m\000e\000n\000t\000a\000c\000j\000a\000\040\000a\000t\000r\000y\000b\000u\000t\000\363\000w\000\040\000s\000k\001\102\000a\000d\000o\000w\000y\000c\000h}{section.6.33}
\BOOKMARK [3][-]{subsubsection.6.33.4.1}{\376\377\000b\000l\000a\000d}{subsection.6.33.4}
\BOOKMARK [1][-]{section.6.34}{\376\377\000D\000o\000k\000u\000m\000e\000n\000t\000a\000c\000j\000a\000\040\000k\000l\000a\000s\000y\000\040\000A\000S\000S\0008\000.\000K\000l\000i\000e\000n\000t\000.\000W\000y\000j\000a\000t\000k\000i\000.\000W\000y\000j\000a\000t\000k\000i\000.\000B\000l\000a\000d\000P\000o\000l\000a\000c\000z\000e\000n\000i\000a}{chapter.6}
\BOOKMARK [2][-]{subsection.6.34.1}{\376\377\000O\000p\000i\000s\000\040\000s\000z\000c\000z\000e\000g\000\363\001\102\000o\000w\000y}{section.6.34}
\BOOKMARK [2][-]{subsection.6.34.2}{\376\377\000D\000o\000k\000u\000m\000e\000n\000t\000a\000c\000j\000a\000\040\000k\000o\000n\000s\000t\000r\000u\000k\000t\000o\000r\000a\000\040\000i\000\040\000d\000e\000s\000t\000r\000u\000k\000t\000o\000r\000a}{section.6.34}
\BOOKMARK [3][-]{subsubsection.6.34.2.1}{\376\377\000B\000l\000a\000d\000P\000o\000l\000a\000c\000z\000e\000n\000i\000a}{subsection.6.34.2}
\BOOKMARK [2][-]{subsection.6.34.3}{\376\377\000D\000o\000k\000u\000m\000e\000n\000t\000a\000c\000j\000a\000\040\000f\000u\000n\000k\000c\000j\000i\000\040\000s\000k\001\102\000a\000d\000o\000w\000y\000c\000h}{section.6.34}
\BOOKMARK [3][-]{subsubsection.6.34.3.1}{\376\377\000T\000o\000S\000t\000r\000i\000n\000g}{subsection.6.34.3}
\BOOKMARK [2][-]{subsection.6.34.4}{\376\377\000D\000o\000k\000u\000m\000e\000n\000t\000a\000c\000j\000a\000\040\000a\000t\000r\000y\000b\000u\000t\000\363\000w\000\040\000s\000k\001\102\000a\000d\000o\000w\000y\000c\000h}{section.6.34}
\BOOKMARK [3][-]{subsubsection.6.34.4.1}{\376\377\000b\000l\000a\000d}{subsection.6.34.4}
\BOOKMARK [1][-]{section.6.35}{\376\377\000D\000o\000k\000u\000m\000e\000n\000t\000a\000c\000j\000a\000\040\000k\000l\000a\000s\000y\000\040\000A\000S\000S\0008\000.\000K\000l\000i\000e\000n\000t\000.\000W\000y\000j\000a\000t\000k\000i\000.\000W\000y\000j\000a\000t\000k\000i\000.\000B\000l\000a\000d\000W\000y\000s\000y\000l\000a\000n\000i\000a}{chapter.6}
\BOOKMARK [2][-]{subsection.6.35.1}{\376\377\000O\000p\000i\000s\000\040\000s\000z\000c\000z\000e\000g\000\363\001\102\000o\000w\000y}{section.6.35}
\BOOKMARK [2][-]{subsection.6.35.2}{\376\377\000D\000o\000k\000u\000m\000e\000n\000t\000a\000c\000j\000a\000\040\000k\000o\000n\000s\000t\000r\000u\000k\000t\000o\000r\000a\000\040\000i\000\040\000d\000e\000s\000t\000r\000u\000k\000t\000o\000r\000a}{section.6.35}
\BOOKMARK [3][-]{subsubsection.6.35.2.1}{\376\377\000B\000l\000a\000d\000W\000y\000s\000y\000l\000a\000n\000i\000a}{subsection.6.35.2}
\BOOKMARK [2][-]{subsection.6.35.3}{\376\377\000D\000o\000k\000u\000m\000e\000n\000t\000a\000c\000j\000a\000\040\000f\000u\000n\000k\000c\000j\000i\000\040\000s\000k\001\102\000a\000d\000o\000w\000y\000c\000h}{section.6.35}
\BOOKMARK [3][-]{subsubsection.6.35.3.1}{\376\377\000T\000o\000S\000t\000r\000i\000n\000g}{subsection.6.35.3}
\BOOKMARK [2][-]{subsection.6.35.4}{\376\377\000D\000o\000k\000u\000m\000e\000n\000t\000a\000c\000j\000a\000\040\000a\000t\000r\000y\000b\000u\000t\000\363\000w\000\040\000s\000k\001\102\000a\000d\000o\000w\000y\000c\000h}{section.6.35}
\BOOKMARK [3][-]{subsubsection.6.35.4.1}{\376\377\000b\000l\000a\000d}{subsection.6.35.4}
\BOOKMARK [1][-]{section.6.36}{\376\377\000D\000o\000k\000u\000m\000e\000n\000t\000a\000c\000j\000a\000\040\000k\000l\000a\000s\000y\000\040\000A\000S\000S\0008\000.\000K\000l\000i\000e\000n\000t\000.\000W\000y\000j\000a\000t\000k\000i\000.\000W\000y\000j\000a\000t\000k\000i\000.\000B\000r\000a\000k\000P\000l\000i\000k\000u}{chapter.6}
\BOOKMARK [2][-]{subsection.6.36.1}{\376\377\000O\000p\000i\000s\000\040\000s\000z\000c\000z\000e\000g\000\363\001\102\000o\000w\000y}{section.6.36}
\BOOKMARK [2][-]{subsection.6.36.2}{\376\377\000D\000o\000k\000u\000m\000e\000n\000t\000a\000c\000j\000a\000\040\000k\000o\000n\000s\000t\000r\000u\000k\000t\000o\000r\000a\000\040\000i\000\040\000d\000e\000s\000t\000r\000u\000k\000t\000o\000r\000a}{section.6.36}
\BOOKMARK [3][-]{subsubsection.6.36.2.1}{\376\377\000B\000r\000a\000k\000P\000l\000i\000k\000u}{subsection.6.36.2}
\BOOKMARK [2][-]{subsection.6.36.3}{\376\377\000D\000o\000k\000u\000m\000e\000n\000t\000a\000c\000j\000a\000\040\000f\000u\000n\000k\000c\000j\000i\000\040\000s\000k\001\102\000a\000d\000o\000w\000y\000c\000h}{section.6.36}
\BOOKMARK [3][-]{subsubsection.6.36.3.1}{\376\377\000T\000o\000S\000t\000r\000i\000n\000g}{subsection.6.36.3}
\BOOKMARK [2][-]{subsection.6.36.4}{\376\377\000D\000o\000k\000u\000m\000e\000n\000t\000a\000c\000j\000a\000\040\000a\000t\000r\000y\000b\000u\000t\000\363\000w\000\040\000s\000k\001\102\000a\000d\000o\000w\000y\000c\000h}{section.6.36}
\BOOKMARK [3][-]{subsubsection.6.36.4.1}{\376\377\000b\000l\000a\000d}{subsection.6.36.4}
\BOOKMARK [1][-]{section.6.37}{\376\377\000D\000o\000k\000u\000m\000e\000n\000t\000a\000c\000j\000a\000\040\000k\000l\000a\000s\000y\000\040\000A\000S\000S\0008\000.\000K\000l\000i\000e\000n\000t\000.\000z\000a\000r\000z\000a\000d\000c\000a}{chapter.6}
\BOOKMARK [2][-]{subsection.6.37.1}{\376\377\000O\000p\000i\000s\000\040\000s\000z\000c\000z\000e\000g\000\363\001\102\000o\000w\000y}{section.6.37}
\BOOKMARK [2][-]{subsection.6.37.2}{\376\377\000D\000o\000k\000u\000m\000e\000n\000t\000a\000c\000j\000a\000\040\000k\000o\000n\000s\000t\000r\000u\000k\000t\000o\000r\000a\000\040\000i\000\040\000d\000e\000s\000t\000r\000u\000k\000t\000o\000r\000a}{section.6.37}
\BOOKMARK [3][-]{subsubsection.6.37.2.1}{\376\377\000z\000a\000r\000z\000a\000d\000c\000a}{subsection.6.37.2}
\BOOKMARK [2][-]{subsection.6.37.3}{\376\377\000D\000o\000k\000u\000m\000e\000n\000t\000a\000c\000j\000a\000\040\000f\000u\000n\000k\000c\000j\000i\000\040\000s\000k\001\102\000a\000d\000o\000w\000y\000c\000h}{section.6.37}
\BOOKMARK [3][-]{subsubsection.6.37.3.1}{\376\377\000h\000a\000s\000h\000P\000l\000i\000k\000u}{subsection.6.37.3}
\BOOKMARK [3][-]{subsubsection.6.37.3.2}{\376\377\000o\000d\000b\000i\000e\000r\000z\000P\000l\000i\000k\000i}{subsection.6.37.3}
\BOOKMARK [3][-]{subsubsection.6.37.3.3}{\376\377\000p\000l\000i\000k\000i\000K\000a\000t\000a\000l\000o\000g}{subsection.6.37.3}
\BOOKMARK [3][-]{subsubsection.6.37.3.4}{\376\377\000p\000l\000i\000k\000i\000Z\000a\000p\000i\000s\000a\000n\000e}{subsection.6.37.3}
\BOOKMARK [3][-]{subsubsection.6.37.3.5}{\376\377\000s\000p\000r\000a\000w\000d\000z\000A\000k\000t\000u\000a\000l\000i\000z\000a\000c\000j\000e}{subsection.6.37.3}
\BOOKMARK [3][-]{subsubsection.6.37.3.6}{\376\377\000s\000p\000r\000a\000w\000d\000z\000A\000k\000t\000u\000a\000l\000i\000z\000a\000c\000j\000e}{subsection.6.37.3}
\BOOKMARK [3][-]{subsubsection.6.37.3.7}{\376\377\000s\000p\000r\000a\000w\000d\000z\000R\000o\000z\000n\000i\000c\000a\000D\000o\000w\000n\000l\000o\000a\000d}{subsection.6.37.3}
\BOOKMARK [3][-]{subsubsection.6.37.3.8}{\376\377\000s\000p\000r\000a\000w\000d\000z\000R\000o\000z\000n\000i\000c\000a\000U\000p\000l\000o\000a\000d}{subsection.6.37.3}
\BOOKMARK [3][-]{subsubsection.6.37.3.9}{\376\377\000s\000p\000r\000a\000w\000d\000z\000R\000o\000z\000n\000i\000c\000a\000U\000s\000u\000n\000K\000a\000t\000a\000l\000o\000g}{subsection.6.37.3}
\BOOKMARK [3][-]{subsubsection.6.37.3.10}{\376\377\000s\000p\000r\000a\000w\000d\000z\000R\000o\000z\000n\000i\000c\000a\000U\000s\000u\000n\000S\000e\000r\000w\000e\000r}{subsection.6.37.3}
\BOOKMARK [3][-]{subsubsection.6.37.3.11}{\376\377\000s\000z\000u\000k\000a\000j\000Z\000m\000i\000a\000n}{subsection.6.37.3}
\BOOKMARK [3][-]{subsubsection.6.37.3.12}{\376\377\000u\000s\000u\000n\000P\000l\000i\000k\000i}{subsection.6.37.3}
\BOOKMARK [3][-]{subsubsection.6.37.3.13}{\376\377\000w\000y\000k\000a\000s\000u\000j\000P\000l\000i\000k}{subsection.6.37.3}
\BOOKMARK [3][-]{subsubsection.6.37.3.14}{\376\377\000w\000y\000s\000l\000i\000j\000P\000l\000i\000k}{subsection.6.37.3}
\BOOKMARK [3][-]{subsubsection.6.37.3.15}{\376\377\000w\000y\000s\000w\000i\000e\000t\000l\000B\000l\000a\000d}{subsection.6.37.3}
\BOOKMARK [3][-]{subsubsection.6.37.3.16}{\376\377\000z\000a\000p\000i\000s\000z\000B\000l\000a\000d}{subsection.6.37.3}
\BOOKMARK [3][-]{subsubsection.6.37.3.17}{\376\377\000z\000a\000p\000i\000s\000z\000I\000n\000f\000o\000P\000l\000i\000k\000o\000w}{subsection.6.37.3}
\BOOKMARK [3][-]{subsubsection.6.37.3.18}{\376\377\000z\000m\000i\000a\000n\000a\000K\000o\000n\000t\000r\000o\000l\000i}{subsection.6.37.3}
\BOOKMARK [2][-]{subsection.6.37.4}{\376\377\000D\000o\000k\000u\000m\000e\000n\000t\000a\000c\000j\000a\000\040\000a\000t\000r\000y\000b\000u\000t\000\363\000w\000\040\000s\000k\001\102\000a\000d\000o\000w\000y\000c\000h}{section.6.37}
\BOOKMARK [3][-]{subsubsection.6.37.4.1}{\376\377\000f\000o\000l\000d\000e\000r}{subsection.6.37.4}
\BOOKMARK [3][-]{subsubsection.6.37.4.2}{\376\377\000f\000o\000l\000d\000e\000r\000M\000u\000t\000e\000x}{subsection.6.37.4}
\BOOKMARK [3][-]{subsubsection.6.37.4.3}{\376\377\000k}{subsection.6.37.4}
\BOOKMARK [3][-]{subsubsection.6.37.4.4}{\376\377\000k\000o\000n\000t\000r\000o\000l\000a\000B\000l\000e\000d\000o\000w}{subsection.6.37.4}
\BOOKMARK [3][-]{subsubsection.6.37.4.5}{\376\377\000l\000o\000g\000i\000n}{subsection.6.37.4}
\BOOKMARK [3][-]{subsubsection.6.37.4.6}{\376\377\000m\000u\000t\000e\000x}{subsection.6.37.4}
\BOOKMARK [3][-]{subsubsection.6.37.4.7}{\376\377\000n\000a\000m\000e\000s}{subsection.6.37.4}
\BOOKMARK [3][-]{subsubsection.6.37.4.8}{\376\377\000n\000o\000t\000i\000f\000y}{subsection.6.37.4}
\BOOKMARK [2][-]{subsection.6.37.5}{\376\377\000D\000o\000k\000u\000m\000e\000n\000t\000a\000c\000j\000a\000\040\000w\001\102\000a\001\133\000c\000i\000w\000o\001\133\000c\000i}{section.6.37}
\BOOKMARK [3][-]{subsubsection.6.37.5.1}{\376\377\000k\000o\000m}{subsection.6.37.5}
\BOOKMARK [0][-]{chapter.7}{\376\377\000D\000o\000k\000u\000m\000e\000n\000t\000a\000c\000j\000a\000\040\000p\000l\000i\000k\000\363\000w}{}
\BOOKMARK [1][-]{section.7.1}{\376\377\000D\000o\000k\000u\000m\000e\000n\000t\000a\000c\000j\000a\000\040\000p\000l\000i\000k\000u\000\040\000A\000S\000S\0008\000\040\000-\000\040\000K\000o\000n\000f\000i\000g\000u\000r\000a\000c\000j\000a\000.\000c\000s}{chapter.7}
\BOOKMARK [2][-]{subsection.7.1.1}{\376\377\000D\000o\000k\000u\000m\000e\000n\000t\000a\000c\000j\000a\000\040\000z\000m\000i\000e\000n\000n\000y\000c\000h}{section.7.1}
\BOOKMARK [3][-]{subsubsection.7.1.1.1}{\376\377\000S\000y\000s\000t\000e\000m}{subsection.7.1.1}
\BOOKMARK [1][-]{section.7.2}{\376\377\000D\000o\000k\000u\000m\000e\000n\000t\000a\000c\000j\000a\000\040\000p\000l\000i\000k\000u\000\040\000A\000S\000S\0008\000\040\000-\000\040\000K\000o\000n\000f\000i\000g\000u\000r\000a\000c\000j\000a\000.\000D\000e\000s\000i\000g\000n\000e\000r\000.\000c\000s}{chapter.7}
\BOOKMARK [2][-]{subsection.7.2.1}{\376\377\000D\000o\000k\000u\000m\000e\000n\000t\000a\000c\000j\000a\000\040\000z\000m\000i\000e\000n\000n\000y\000c\000h}{section.7.2}
\BOOKMARK [3][-]{subsubsection.7.2.1.1}{\376\377\000K\000l\000i\000e\000n\000t}{subsection.7.2.1}
\BOOKMARK [1][-]{section.7.3}{\376\377\000D\000o\000k\000u\000m\000e\000n\000t\000a\000c\000j\000a\000\040\000p\000l\000i\000k\000u\000\040\000A\000S\000S\0008\000\040\000-\000\040\000L\000o\000g\000o\000w\000a\000n\000i\000e\000.\000c\000s}{chapter.7}
\BOOKMARK [2][-]{subsection.7.3.1}{\376\377\000D\000o\000k\000u\000m\000e\000n\000t\000a\000c\000j\000a\000\040\000z\000m\000i\000e\000n\000n\000y\000c\000h}{section.7.3}
\BOOKMARK [3][-]{subsubsection.7.3.1.1}{\376\377\000S\000y\000s\000t\000e\000m}{subsection.7.3.1}
\BOOKMARK [1][-]{section.7.4}{\376\377\000D\000o\000k\000u\000m\000e\000n\000t\000a\000c\000j\000a\000\040\000p\000l\000i\000k\000u\000\040\000A\000S\000S\0008\000\040\000-\000\040\000L\000o\000g\000o\000w\000a\000n\000i\000e\000.\000D\000e\000s\000i\000g\000n\000e\000r\000.\000c\000s}{chapter.7}
\BOOKMARK [2][-]{subsection.7.4.1}{\376\377\000D\000o\000k\000u\000m\000e\000n\000t\000a\000c\000j\000a\000\040\000z\000m\000i\000e\000n\000n\000y\000c\000h}{section.7.4}
\BOOKMARK [3][-]{subsubsection.7.4.1.1}{\376\377\000K\000l\000i\000e\000n\000t}{subsection.7.4.1}
\BOOKMARK [1][-]{section.7.5}{\376\377\000D\000o\000k\000u\000m\000e\000n\000t\000a\000c\000j\000a\000\040\000p\000l\000i\000k\000u\000\040\000A\000s\000s\000e\000m\000b\000l\000y\000I\000n\000f\000o\000.\000c\000s}{chapter.7}
\BOOKMARK [2][-]{subsection.7.5.1}{\376\377\000D\000o\000k\000u\000m\000e\000n\000t\000a\000c\000j\000a\000\040\000z\000m\000i\000e\000n\000n\000y\000c\000h}{section.7.5}
\BOOKMARK [3][-]{subsubsection.7.5.1.1}{\376\377\000R\000e\000f\000l\000e\000c\000t\000i\000o\000n}{subsection.7.5.1}
\BOOKMARK [1][-]{section.7.6}{\376\377\000D\000o\000k\000u\000m\000e\000n\000t\000a\000c\000j\000a\000\040\000p\000l\000i\000k\000u\000\040\000F\000o\000r\000m\0002\000.\000c\000s}{chapter.7}
\BOOKMARK [2][-]{subsection.7.6.1}{\376\377\000D\000o\000k\000u\000m\000e\000n\000t\000a\000c\000j\000a\000\040\000z\000m\000i\000e\000n\000n\000y\000c\000h}{section.7.6}
\BOOKMARK [3][-]{subsubsection.7.6.1.1}{\376\377\000S\000y\000s\000t\000e\000m}{subsection.7.6.1}
\BOOKMARK [1][-]{section.7.7}{\376\377\000D\000o\000k\000u\000m\000e\000n\000t\000a\000c\000j\000a\000\040\000p\000l\000i\000k\000u\000\040\000F\000o\000r\000m\0002\000.\000D\000e\000s\000i\000g\000n\000e\000r\000.\000c\000s}{chapter.7}
\BOOKMARK [2][-]{subsection.7.7.1}{\376\377\000D\000o\000k\000u\000m\000e\000n\000t\000a\000c\000j\000a\000\040\000z\000m\000i\000e\000n\000n\000y\000c\000h}{section.7.7}
\BOOKMARK [3][-]{subsubsection.7.7.1.1}{\376\377\000K\000l\000i\000e\000n\000t}{subsection.7.7.1}
\BOOKMARK [1][-]{section.7.8}{\376\377\000D\000o\000k\000u\000m\000e\000n\000t\000a\000c\000j\000a\000\040\000p\000l\000i\000k\000u\000\040\000F\000o\000r\000m\0003\000.\000c\000s}{chapter.7}
\BOOKMARK [2][-]{subsection.7.8.1}{\376\377\000D\000o\000k\000u\000m\000e\000n\000t\000a\000c\000j\000a\000\040\000z\000m\000i\000e\000n\000n\000y\000c\000h}{section.7.8}
\BOOKMARK [3][-]{subsubsection.7.8.1.1}{\376\377\000S\000y\000s\000t\000e\000m}{subsection.7.8.1}
\BOOKMARK [1][-]{section.7.9}{\376\377\000D\000o\000k\000u\000m\000e\000n\000t\000a\000c\000j\000a\000\040\000p\000l\000i\000k\000u\000\040\000F\000o\000r\000m\0003\000.\000D\000e\000s\000i\000g\000n\000e\000r\000.\000c\000s}{chapter.7}
\BOOKMARK [2][-]{subsection.7.9.1}{\376\377\000D\000o\000k\000u\000m\000e\000n\000t\000a\000c\000j\000a\000\040\000z\000m\000i\000e\000n\000n\000y\000c\000h}{section.7.9}
\BOOKMARK [3][-]{subsubsection.7.9.1.1}{\376\377\000K\000l\000i\000e\000n\000t}{subsection.7.9.1}
\BOOKMARK [1][-]{section.7.10}{\376\377\000D\000o\000k\000u\000m\000e\000n\000t\000a\000c\000j\000a\000\040\000p\000l\000i\000k\000u\000\040\000F\000o\000r\000m\0004\000.\000c\000s}{chapter.7}
\BOOKMARK [2][-]{subsection.7.10.1}{\376\377\000D\000o\000k\000u\000m\000e\000n\000t\000a\000c\000j\000a\000\040\000z\000m\000i\000e\000n\000n\000y\000c\000h}{section.7.10}
\BOOKMARK [3][-]{subsubsection.7.10.1.1}{\376\377\000S\000y\000s\000t\000e\000m}{subsection.7.10.1}
\BOOKMARK [1][-]{section.7.11}{\376\377\000D\000o\000k\000u\000m\000e\000n\000t\000a\000c\000j\000a\000\040\000p\000l\000i\000k\000u\000\040\000F\000o\000r\000m\0004\000.\000D\000e\000s\000i\000g\000n\000e\000r\000.\000c\000s}{chapter.7}
\BOOKMARK [2][-]{subsection.7.11.1}{\376\377\000D\000o\000k\000u\000m\000e\000n\000t\000a\000c\000j\000a\000\040\000z\000m\000i\000e\000n\000n\000y\000c\000h}{section.7.11}
\BOOKMARK [3][-]{subsubsection.7.11.1.1}{\376\377\000K\000l\000i\000e\000n\000t}{subsection.7.11.1}
\BOOKMARK [1][-]{section.7.12}{\376\377\000D\000o\000k\000u\000m\000e\000n\000t\000a\000c\000j\000a\000\040\000p\000l\000i\000k\000u\000\040\000k\000o\000m\000u\000n\000i\000k\000a\000c\000j\000a\000.\000c\000s}{chapter.7}
\BOOKMARK [2][-]{subsection.7.12.1}{\376\377\000D\000o\000k\000u\000m\000e\000n\000t\000a\000c\000j\000a\000\040\000z\000m\000i\000e\000n\000n\000y\000c\000h}{section.7.12}
\BOOKMARK [3][-]{subsubsection.7.12.1.1}{\376\377\000S\000y\000s\000t\000e\000m}{subsection.7.12.1}
\BOOKMARK [1][-]{section.7.13}{\376\377\000D\000o\000k\000u\000m\000e\000n\000t\000a\000c\000j\000a\000\040\000p\000l\000i\000k\000u\000\040\000P\000r\000o\000g\000r\000a\000m\000.\000c\000s}{chapter.7}
\BOOKMARK [2][-]{subsection.7.13.1}{\376\377\000D\000o\000k\000u\000m\000e\000n\000t\000a\000c\000j\000a\000\040\000z\000m\000i\000e\000n\000n\000y\000c\000h}{section.7.13}
\BOOKMARK [3][-]{subsubsection.7.13.1.1}{\376\377\000S\000y\000s\000t\000e\000m}{subsection.7.13.1}
\BOOKMARK [1][-]{section.7.14}{\376\377\000D\000o\000k\000u\000m\000e\000n\000t\000a\000c\000j\000a\000\040\000p\000l\000i\000k\000u\000\040\000R\000e\000s\000o\000u\000r\000c\000e\000s\000.\000D\000e\000s\000i\000g\000n\000e\000r\000.\000c\000s}{chapter.7}
\BOOKMARK [1][-]{section.7.15}{\376\377\000D\000o\000k\000u\000m\000e\000n\000t\000a\000c\000j\000a\000\040\000p\000l\000i\000k\000u\000\040\000S\000e\000t\000t\000i\000n\000g\000s\000.\000D\000e\000s\000i\000g\000n\000e\000r\000.\000c\000s}{chapter.7}
\BOOKMARK [1][-]{section.7.16}{\376\377\000D\000o\000k\000u\000m\000e\000n\000t\000a\000c\000j\000a\000\040\000p\000l\000i\000k\000u\000\040\000W\000y\000j\000a\000t\000k\000i\000.\000c\000s}{chapter.7}
\BOOKMARK [2][-]{subsection.7.16.1}{\376\377\000D\000o\000k\000u\000m\000e\000n\000t\000a\000c\000j\000a\000\040\000z\000m\000i\000e\000n\000n\000y\000c\000h}{section.7.16}
\BOOKMARK [3][-]{subsubsection.7.16.1.1}{\376\377\000S\000y\000s\000t\000e\000m}{subsection.7.16.1}
\BOOKMARK [1][-]{section.7.17}{\376\377\000D\000o\000k\000u\000m\000e\000n\000t\000a\000c\000j\000a\000\040\000p\000l\000i\000k\000u\000\040\000X\000m\000l\000P\000l\000i\000k\000.\000c\000s}{chapter.7}
\BOOKMARK [2][-]{subsection.7.17.1}{\376\377\000D\000o\000k\000u\000m\000e\000n\000t\000a\000c\000j\000a\000\040\000z\000m\000i\000e\000n\000n\000y\000c\000h}{section.7.17}
\BOOKMARK [3][-]{subsubsection.7.17.1.1}{\376\377\000S\000y\000s\000t\000e\000m}{subsection.7.17.1}
\BOOKMARK [1][-]{section.7.18}{\376\377\000D\000o\000k\000u\000m\000e\000n\000t\000a\000c\000j\000a\000\040\000p\000l\000i\000k\000u\000\040\000X\000m\000l\000R\000e\000q\000u\000e\000s\000t\000s\000C\000l\000a\000s\000s\000.\000c\000s}{chapter.7}
\BOOKMARK [2][-]{subsection.7.18.1}{\376\377\000D\000o\000k\000u\000m\000e\000n\000t\000a\000c\000j\000a\000\040\000z\000m\000i\000e\000n\000n\000y\000c\000h}{section.7.18}
\BOOKMARK [3][-]{subsubsection.7.18.1.1}{\376\377\000S\000y\000s\000t\000e\000m}{subsection.7.18.1}
\BOOKMARK [1][-]{section.7.19}{\376\377\000D\000o\000k\000u\000m\000e\000n\000t\000a\000c\000j\000a\000\040\000p\000l\000i\000k\000u\000\040\000z\000a\000r\000z\000a\000d\000c\000a\000.\000c\000s}{chapter.7}
\BOOKMARK [2][-]{subsection.7.19.1}{\376\377\000D\000o\000k\000u\000m\000e\000n\000t\000a\000c\000j\000a\000\040\000z\000m\000i\000e\000n\000n\000y\000c\000h}{section.7.19}
\BOOKMARK [3][-]{subsubsection.7.19.1.1}{\376\377\000S\000y\000s\000t\000e\000m}{subsection.7.19.1}
\BOOKMARK [1][-]{section.7.20}{\376\377\000D\000o\000k\000u\000m\000e\000n\000t\000a\000c\000j\000a\000\040\000p\000l\000i\000k\000u\000\040\000Z\000n\000a\000j\000o\000m\000i\000.\000c\000s}{chapter.7}
\BOOKMARK [2][-]{subsection.7.20.1}{\376\377\000D\000o\000k\000u\000m\000e\000n\000t\000a\000c\000j\000a\000\040\000z\000m\000i\000e\000n\000n\000y\000c\000h}{section.7.20}
\BOOKMARK [3][-]{subsubsection.7.20.1.1}{\376\377\000S\000y\000s\000t\000e\000m}{subsection.7.20.1}
\BOOKMARK [1][-]{section.7.21}{\376\377\000D\000o\000k\000u\000m\000e\000n\000t\000a\000c\000j\000a\000\040\000p\000l\000i\000k\000u\000\040\000Z\000n\000a\000j\000o\000m\000i\000.\000D\000e\000s\000i\000g\000n\000e\000r\000.\000c\000s}{chapter.7}
\BOOKMARK [2][-]{subsection.7.21.1}{\376\377\000D\000o\000k\000u\000m\000e\000n\000t\000a\000c\000j\000a\000\040\000z\000m\000i\000e\000n\000n\000y\000c\000h}{section.7.21}
\BOOKMARK [3][-]{subsubsection.7.21.1.1}{\376\377\000K\000l\000i\000e\000n\000t}{subsection.7.21.1}
