\BOOKMARK [0][-]{chapter.1}{\376\377\000I\000n\000d\000e\000k\000s\000\040\000p\000r\000z\000e\000s\000t\000r\000z\000e\000n\000i\000\040\000n\000a\000z\000w}{}
\BOOKMARK [1][-]{section.1.1}{\376\377\000L\000i\000s\000t\000a\000\040\000p\000r\000z\000e\000s\000t\000r\000z\000e\000n\000i\000\040\000n\000a\000z\000w}{chapter.1}
\BOOKMARK [0][-]{chapter.2}{\376\377\000I\000n\000d\000e\000k\000s\000\040\000k\000l\000a\000s}{}
\BOOKMARK [1][-]{section.2.1}{\376\377\000L\000i\000s\000t\000a\000\040\000k\000l\000a\000s}{chapter.2}
\BOOKMARK [0][-]{chapter.3}{\376\377\000I\000n\000d\000e\000k\000s\000\040\000p\000l\000i\000k\000\363\000w}{}
\BOOKMARK [1][-]{section.3.1}{\376\377\000L\000i\000s\000t\000a\000\040\000p\000l\000i\000k\000\363\000w}{chapter.3}
\BOOKMARK [0][-]{chapter.4}{\376\377\000D\000o\000k\000u\000m\000e\000n\000t\000a\000c\000j\000a\000\040\000p\000r\000z\000e\000s\000t\000r\000z\000e\000n\000i\000\040\000n\000a\000z\000w}{}
\BOOKMARK [1][-]{section.4.1}{\376\377\000D\000o\000k\000u\000m\000e\000n\000t\000a\000c\000j\000a\000\040\000p\000r\000z\000e\000s\000t\000r\000z\000e\000n\000i\000\040\000n\000a\000z\000w\000\040\000A\000u\000t\000o\000V\000e\000r\000s\000i\000o\000n}{chapter.4}
\BOOKMARK [2][-]{subsection.4.1.1}{\376\377\000D\000o\000k\000u\000m\000e\000n\000t\000a\000c\000j\000a\000\040\000z\000m\000i\000e\000n\000n\000y\000c\000h}{section.4.1}
\BOOKMARK [3][-]{subsubsection.4.1.1.1}{\376\377\000B\000U\000I\000L\000D}{subsection.4.1.1}
\BOOKMARK [3][-]{subsubsection.4.1.1.2}{\376\377\000B\000U\000I\000L\000D\000\137\000H\000I\000S\000T\000O\000R\000Y}{subsection.4.1.1}
\BOOKMARK [3][-]{subsubsection.4.1.1.3}{\376\377\000B\000U\000I\000L\000D\000S\000\137\000C\000O\000U\000N\000T}{subsection.4.1.1}
\BOOKMARK [3][-]{subsubsection.4.1.1.4}{\376\377\000D\000A\000T\000E}{subsection.4.1.1}
\BOOKMARK [3][-]{subsubsection.4.1.1.5}{\376\377\000F\000U\000L\000L\000V\000E\000R\000S\000I\000O\000N\000\137\000S\000T\000R\000I\000N\000G}{subsection.4.1.1}
\BOOKMARK [3][-]{subsubsection.4.1.1.6}{\376\377\000M\000A\000J\000O\000R}{subsection.4.1.1}
\BOOKMARK [3][-]{subsubsection.4.1.1.7}{\376\377\000M\000I\000N\000O\000R}{subsection.4.1.1}
\BOOKMARK [3][-]{subsubsection.4.1.1.8}{\376\377\000M\000O\000N\000T\000H}{subsection.4.1.1}
\BOOKMARK [3][-]{subsubsection.4.1.1.9}{\376\377\000R\000E\000V\000I\000S\000I\000O\000N}{subsection.4.1.1}
\BOOKMARK [3][-]{subsubsection.4.1.1.10}{\376\377\000S\000T\000A\000T\000U\000S}{subsection.4.1.1}
\BOOKMARK [3][-]{subsubsection.4.1.1.11}{\376\377\000S\000T\000A\000T\000U\000S\000\137\000S\000H\000O\000R\000T}{subsection.4.1.1}
\BOOKMARK [3][-]{subsubsection.4.1.1.12}{\376\377\000U\000B\000U\000N\000T\000U\000\137\000V\000E\000R\000S\000I\000O\000N\000\137\000S\000T\000Y\000L\000E}{subsection.4.1.1}
\BOOKMARK [3][-]{subsubsection.4.1.1.13}{\376\377\000Y\000E\000A\000R}{subsection.4.1.1}
\BOOKMARK [0][-]{chapter.5}{\376\377\000D\000o\000k\000u\000m\000e\000n\000t\000a\000c\000j\000a\000\040\000k\000l\000a\000s}{}
\BOOKMARK [1][-]{section.5.1}{\376\377\000D\000o\000k\000u\000m\000e\000n\000t\000a\000c\000j\000a\000\040\000k\000l\000a\000s\000y\000\040\000B\000a\000z\000a}{chapter.5}
\BOOKMARK [2][-]{subsection.5.1.1}{\376\377\000O\000p\000i\000s\000\040\000s\000z\000c\000z\000e\000g\000\363\001\102\000o\000w\000y}{section.5.1}
\BOOKMARK [2][-]{subsection.5.1.2}{\376\377\000D\000o\000k\000u\000m\000e\000n\000t\000a\000c\000j\000a\000\040\000k\000o\000n\000s\000t\000r\000u\000k\000t\000o\000r\000a\000\040\000i\000\040\000d\000e\000s\000t\000r\000u\000k\000t\000o\000r\000a}{section.5.1}
\BOOKMARK [3][-]{subsubsection.5.1.2.1}{\376\377\000B\000a\000z\000a}{subsection.5.1.2}
\BOOKMARK [2][-]{subsection.5.1.3}{\376\377\000D\000o\000k\000u\000m\000e\000n\000t\000a\000c\000j\000a\000\040\000f\000u\000n\000k\000c\000j\000i\000\040\000s\000k\001\102\000a\000d\000o\000w\000y\000c\000h}{section.5.1}
\BOOKMARK [3][-]{subsubsection.5.1.3.1}{\376\377\000a\000d\000d\000F\000i\000l\000e}{subsection.5.1.3}
\BOOKMARK [3][-]{subsubsection.5.1.3.2}{\376\377\000c\000o\000n\000n\000e\000c\000t}{subsection.5.1.3}
\BOOKMARK [3][-]{subsubsection.5.1.3.3}{\376\377\000f\000i\000r\000e\000n\000d\000s}{subsection.5.1.3}
\BOOKMARK [3][-]{subsubsection.5.1.3.4}{\376\377\000g\000e\000t\000\137\000p\000a\000s\000s\000w\000d}{subsection.5.1.3}
\BOOKMARK [3][-]{subsubsection.5.1.3.5}{\376\377\000g\000e\000t\000F\000i\000l\000e\000I\000n\000f\000o}{subsection.5.1.3}
\BOOKMARK [3][-]{subsubsection.5.1.3.6}{\376\377\000g\000e\000t\000F\000i\000l\000e\000I\000n\000f\000o}{subsection.5.1.3}
\BOOKMARK [3][-]{subsubsection.5.1.3.7}{\376\377\000g\000e\000t\000F\000i\000l\000e\000s\000L\000i\000s\000t}{subsection.5.1.3}
\BOOKMARK [3][-]{subsubsection.5.1.3.8}{\376\377\000g\000e\000t\000F\000i\000l\000e\000s\000L\000i\000s\000t}{subsection.5.1.3}
\BOOKMARK [3][-]{subsubsection.5.1.3.9}{\376\377\000g\000e\000t\000U\000s\000e\000r\000I\000d}{subsection.5.1.3}
\BOOKMARK [3][-]{subsubsection.5.1.3.10}{\376\377\000r\000m\000F\000i\000l\000e}{subsection.5.1.3}
\BOOKMARK [2][-]{subsection.5.1.4}{\376\377\000D\000o\000k\000u\000m\000e\000n\000t\000a\000c\000j\000a\000\040\000a\000t\000r\000y\000b\000u\000t\000\363\000w\000\040\000s\000k\001\102\000a\000d\000o\000w\000y\000c\000h}{section.5.1}
\BOOKMARK [3][-]{subsubsection.5.1.4.1}{\376\377\000c\000o\000n\000n}{subsection.5.1.4}
\BOOKMARK [1][-]{section.5.2}{\376\377\000D\000o\000k\000u\000m\000e\000n\000t\000a\000c\000j\000a\000\040\000k\000l\000a\000s\000y\000\040\000M\000D\0005}{chapter.5}
\BOOKMARK [2][-]{subsection.5.2.1}{\376\377\000O\000p\000i\000s\000\040\000s\000z\000c\000z\000e\000g\000\363\001\102\000o\000w\000y}{section.5.2}
\BOOKMARK [2][-]{subsection.5.2.2}{\376\377\000D\000o\000k\000u\000m\000e\000n\000t\000a\000c\000j\000a\000\040\000k\000o\000n\000s\000t\000r\000u\000k\000t\000o\000r\000a\000\040\000i\000\040\000d\000e\000s\000t\000r\000u\000k\000t\000o\000r\000a}{section.5.2}
\BOOKMARK [3][-]{subsubsection.5.2.2.1}{\376\377\000M\000D\0005}{subsection.5.2.2}
\BOOKMARK [2][-]{subsection.5.2.3}{\376\377\000D\000o\000k\000u\000m\000e\000n\000t\000a\000c\000j\000a\000\040\000f\000u\000n\000k\000c\000j\000i\000\040\000s\000k\001\102\000a\000d\000o\000w\000y\000c\000h}{section.5.2}
\BOOKMARK [3][-]{subsubsection.5.2.3.1}{\376\377\000D\000e\000c\000o\000d\000e}{subsection.5.2.3}
\BOOKMARK [3][-]{subsubsection.5.2.3.2}{\376\377\000E\000n\000c\000o\000d\000e}{subsection.5.2.3}
\BOOKMARK [3][-]{subsubsection.5.2.3.3}{\376\377\000M\000D\0005\000\137\000m\000e\000m\000c\000p\000y}{subsection.5.2.3}
\BOOKMARK [3][-]{subsubsection.5.2.3.4}{\376\377\000M\000D\0005\000\137\000m\000e\000m\000s\000e\000t}{subsection.5.2.3}
\BOOKMARK [3][-]{subsubsection.5.2.3.5}{\376\377\000M\000D\0005\000F\000i\000n\000a\000l}{subsection.5.2.3}
\BOOKMARK [3][-]{subsubsection.5.2.3.6}{\376\377\000M\000D\0005\000I\000n\000i\000t}{subsection.5.2.3}
\BOOKMARK [3][-]{subsubsection.5.2.3.7}{\376\377\000M\000D\0005\000T\000r\000a\000n\000s\000f\000o\000r\000m}{subsection.5.2.3}
\BOOKMARK [3][-]{subsubsection.5.2.3.8}{\376\377\000M\000D\0005\000U\000p\000d\000a\000t\000e}{subsection.5.2.3}
\BOOKMARK [1][-]{section.5.3}{\376\377\000D\000o\000k\000u\000m\000e\000n\000t\000a\000c\000j\000a\000\040\000s\000t\000r\000u\000k\000t\000u\000r\000y\000\040\000M\000D\0005\000\137\000C\000T\000X}{chapter.5}
\BOOKMARK [2][-]{subsection.5.3.1}{\376\377\000O\000p\000i\000s\000\040\000s\000z\000c\000z\000e\000g\000\363\001\102\000o\000w\000y}{section.5.3}
\BOOKMARK [2][-]{subsection.5.3.2}{\376\377\000D\000o\000k\000u\000m\000e\000n\000t\000a\000c\000j\000a\000\040\000a\000t\000r\000y\000b\000u\000t\000\363\000w\000\040\000s\000k\001\102\000a\000d\000o\000w\000y\000c\000h}{section.5.3}
\BOOKMARK [3][-]{subsubsection.5.3.2.1}{\376\377\000b\000u\000f\000f\000e\000r}{subsection.5.3.2}
\BOOKMARK [3][-]{subsubsection.5.3.2.2}{\376\377\000c\000o\000u\000n\000t}{subsection.5.3.2}
\BOOKMARK [3][-]{subsubsection.5.3.2.3}{\376\377\000s\000t\000a\000t\000e}{subsection.5.3.2}
\BOOKMARK [1][-]{section.5.4}{\376\377\000D\000o\000k\000u\000m\000e\000n\000t\000a\000c\000j\000a\000\040\000k\000l\000a\000s\000y\000\040\000m\000d\0005\000w\000r\000a\000p\000p\000e\000r}{chapter.5}
\BOOKMARK [2][-]{subsection.5.4.1}{\376\377\000O\000p\000i\000s\000\040\000s\000z\000c\000z\000e\000g\000\363\001\102\000o\000w\000y}{section.5.4}
\BOOKMARK [2][-]{subsection.5.4.2}{\376\377\000D\000o\000k\000u\000m\000e\000n\000t\000a\000c\000j\000a\000\040\000k\000o\000n\000s\000t\000r\000u\000k\000t\000o\000r\000a\000\040\000i\000\040\000d\000e\000s\000t\000r\000u\000k\000t\000o\000r\000a}{section.5.4}
\BOOKMARK [3][-]{subsubsection.5.4.2.1}{\376\377\000m\000d\0005\000w\000r\000a\000p\000p\000e\000r}{subsection.5.4.2}
\BOOKMARK [3][-]{subsubsection.5.4.2.2}{\376\377\000m\000d\0005\000w\000r\000a\000p\000p\000e\000r}{subsection.5.4.2}
\BOOKMARK [2][-]{subsection.5.4.3}{\376\377\000D\000o\000k\000u\000m\000e\000n\000t\000a\000c\000j\000a\000\040\000f\000u\000n\000k\000c\000j\000i\000\040\000s\000k\001\102\000a\000d\000o\000w\000y\000c\000h}{section.5.4}
\BOOKMARK [3][-]{subsubsection.5.4.3.1}{\376\377\000c\000o\000n\000v\000T\000o\000S\000t\000r\000i\000n\000g}{subsection.5.4.3}
\BOOKMARK [3][-]{subsubsection.5.4.3.2}{\376\377\000g\000e\000t\000H\000a\000s\000h\000F\000r\000o\000m\000F\000i\000l\000e}{subsection.5.4.3}
\BOOKMARK [3][-]{subsubsection.5.4.3.3}{\376\377\000g\000e\000t\000H\000a\000s\000h\000F\000r\000o\000m\000S\000t\000r\000i\000n\000g}{subsection.5.4.3}
\BOOKMARK [3][-]{subsubsection.5.4.3.4}{\376\377\000h\000a\000s\000h\000i\000t}{subsection.5.4.3}
\BOOKMARK [2][-]{subsection.5.4.4}{\376\377\000D\000o\000k\000u\000m\000e\000n\000t\000a\000c\000j\000a\000\040\000a\000t\000r\000y\000b\000u\000t\000\363\000w\000\040\000s\000k\001\102\000a\000d\000o\000w\000y\000c\000h}{section.5.4}
\BOOKMARK [3][-]{subsubsection.5.4.4.1}{\376\377\000m\000d\0005}{subsection.5.4.4}
\BOOKMARK [1][-]{section.5.5}{\376\377\000D\000o\000k\000u\000m\000e\000n\000t\000a\000c\000j\000a\000\040\000k\000l\000a\000s\000y\000\040\000p\000a\000r\000s\000e\000r}{chapter.5}
\BOOKMARK [2][-]{subsection.5.5.1}{\376\377\000O\000p\000i\000s\000\040\000s\000z\000c\000z\000e\000g\000\363\001\102\000o\000w\000y}{section.5.5}
\BOOKMARK [2][-]{subsection.5.5.2}{\376\377\000D\000o\000k\000u\000m\000e\000n\000t\000a\000c\000j\000a\000\040\000k\000o\000n\000s\000t\000r\000u\000k\000t\000o\000r\000a\000\040\000i\000\040\000d\000e\000s\000t\000r\000u\000k\000t\000o\000r\000a}{section.5.5}
\BOOKMARK [3][-]{subsubsection.5.5.2.1}{\376\377\000p\000a\000r\000s\000e\000r}{subsection.5.5.2}
\BOOKMARK [2][-]{subsection.5.5.3}{\376\377\000D\000o\000k\000u\000m\000e\000n\000t\000a\000c\000j\000a\000\040\000f\000u\000n\000k\000c\000j\000i\000\040\000s\000k\001\102\000a\000d\000o\000w\000y\000c\000h}{section.5.5}
\BOOKMARK [3][-]{subsubsection.5.5.3.1}{\376\377\000c\000z\000y\000t\000a\000n\000i\000e\000\137\000z\000\137\000s\000o\000c\000k\000e\000t\000a}{subsection.5.5.3}
\BOOKMARK [3][-]{subsubsection.5.5.3.2}{\376\377\000l\000i\000s\000t\000a\000\137\000p\000l\000i\000k\000o\000w}{subsection.5.5.3}
\BOOKMARK [3][-]{subsubsection.5.5.3.3}{\376\377\000l\000o\000g\000o\000w\000a\000n\000i\000e}{subsection.5.5.3}
\BOOKMARK [3][-]{subsubsection.5.5.3.4}{\376\377\000o\000d\000b\000i\000e\000r\000a\000n\000i\000e\000\137\000p\000l\000i\000k\000o\000w}{subsection.5.5.3}
\BOOKMARK [3][-]{subsubsection.5.5.3.5}{\376\377\000O\000d\000p\000o\000w\000i\000e\000d\000z}{subsection.5.5.3}
\BOOKMARK [3][-]{subsubsection.5.5.3.6}{\376\377\000O\000d\000p\000o\000w\000i\000e\000d\000z}{subsection.5.5.3}
\BOOKMARK [3][-]{subsubsection.5.5.3.7}{\376\377\000o\000d\000p\000o\000w\000i\000e\000d\000z\000\137\000l\000o\000g\000i\000n}{subsection.5.5.3}
\BOOKMARK [3][-]{subsubsection.5.5.3.8}{\376\377\000p\000a\000r\000s\000u\000j}{subsection.5.5.3}
\BOOKMARK [3][-]{subsubsection.5.5.3.9}{\376\377\000p\000o\000b\000i\000e\000r\000a\000n\000i\000e\000\137\000l\000i\000s\000t\000y\000\137\000p\000l\000i\000k\000o\000w}{subsection.5.5.3}
\BOOKMARK [3][-]{subsubsection.5.5.3.10}{\376\377\000s\000t\000a\000r\000t}{subsection.5.5.3}
\BOOKMARK [3][-]{subsubsection.5.5.3.11}{\376\377\000u\000s\000u\000n\000\137\000p\000l\000i\000k\000i}{subsection.5.5.3}
\BOOKMARK [3][-]{subsubsection.5.5.3.12}{\376\377\000w\000y\000s\000l\000i\000j}{subsection.5.5.3}
\BOOKMARK [3][-]{subsubsection.5.5.3.13}{\376\377\000w\000y\000s\000l\000i\000j\000\137\000p\000l\000i\000k}{subsection.5.5.3}
\BOOKMARK [3][-]{subsubsection.5.5.3.14}{\376\377\000w\000y\000s\000y\000l\000a\000n\000i\000e\000\137\000p\000l\000i\000k\000o\000w}{subsection.5.5.3}
\BOOKMARK [2][-]{subsection.5.5.4}{\376\377\000D\000o\000k\000u\000m\000e\000n\000t\000a\000c\000j\000a\000\040\000a\000t\000r\000y\000b\000u\000t\000\363\000w\000\040\000s\000k\001\102\000a\000d\000o\000w\000y\000c\000h}{section.5.5}
\BOOKMARK [3][-]{subsubsection.5.5.4.1}{\376\377\000b\000a\000z\000a}{subsection.5.5.4}
\BOOKMARK [3][-]{subsubsection.5.5.4.2}{\376\377\000b\000u\000f\000o\000r}{subsection.5.5.4}
\BOOKMARK [3][-]{subsubsection.5.5.4.3}{\376\377\000h\000a\000s\000l\000o}{subsection.5.5.4}
\BOOKMARK [3][-]{subsubsection.5.5.4.4}{\376\377\000i\000d\000\137\000s\000e\000s\000j\000i}{subsection.5.5.4}
\BOOKMARK [3][-]{subsubsection.5.5.4.5}{\376\377\000l\000o\000g\000i\000n}{subsection.5.5.4}
\BOOKMARK [3][-]{subsubsection.5.5.4.6}{\376\377\000s\000t\000r\000e\000a\000m}{subsection.5.5.4}
\BOOKMARK [0][-]{chapter.6}{\376\377\000D\000o\000k\000u\000m\000e\000n\000t\000a\000c\000j\000a\000\040\000p\000l\000i\000k\000\363\000w}{}
\BOOKMARK [1][-]{section.6.1}{\376\377\000D\000o\000k\000u\000m\000e\000n\000t\000a\000c\000j\000a\000\040\000p\000l\000i\000k\000u\000\040\000/\000h\000o\000m\000e\000/\000p\000a\000w\000e\000l\000/\000D\000o\000k\000u\000m\000e\000n\000t\000y\000/\000U\000c\000z\000e\000l\000n\000i\000a\000/\000g\000r\000u\000p\000a\000p\000p\000z\000/\000S\000o\000u\000r\000c\000e\000/\000A\000s\000s\0008\000-\000s\000e\000r\000v\000e\000r\000/\000b\000a\000z\000a\000.\000c\000p\000p}{chapter.6}
\BOOKMARK [1][-]{section.6.2}{\376\377\000D\000o\000k\000u\000m\000e\000n\000t\000a\000c\000j\000a\000\040\000p\000l\000i\000k\000u\000\040\000/\000h\000o\000m\000e\000/\000p\000a\000w\000e\000l\000/\000D\000o\000k\000u\000m\000e\000n\000t\000y\000/\000U\000c\000z\000e\000l\000n\000i\000a\000/\000g\000r\000u\000p\000a\000p\000p\000z\000/\000S\000o\000u\000r\000c\000e\000/\000A\000s\000s\0008\000-\000s\000e\000r\000v\000e\000r\000/\000b\000a\000z\000a\000.\000h\000p\000p}{chapter.6}
\BOOKMARK [1][-]{section.6.3}{\376\377\000D\000o\000k\000u\000m\000e\000n\000t\000a\000c\000j\000a\000\040\000p\000l\000i\000k\000u\000\040\000/\000h\000o\000m\000e\000/\000p\000a\000w\000e\000l\000/\000D\000o\000k\000u\000m\000e\000n\000t\000y\000/\000U\000c\000z\000e\000l\000n\000i\000a\000/\000g\000r\000u\000p\000a\000p\000p\000z\000/\000S\000o\000u\000r\000c\000e\000/\000A\000s\000s\0008\000-\000s\000e\000r\000v\000e\000r\000/\000d\000e\000b\000u\000g\000.\000h\000p\000p}{chapter.6}
\BOOKMARK [2][-]{subsection.6.3.1}{\376\377\000D\000o\000k\000u\000m\000e\000n\000t\000a\000c\000j\000a\000\040\000d\000e\000f\000i\000n\000i\000c\000j\000i}{section.6.3}
\BOOKMARK [3][-]{subsubsection.6.3.1.1}{\376\377\000d\000e\000b}{subsection.6.3.1}
\BOOKMARK [3][-]{subsubsection.6.3.1.2}{\376\377\000E\000l\000i\000n\000e}{subsection.6.3.1}
\BOOKMARK [3][-]{subsubsection.6.3.1.3}{\376\377\000E\000l\000i\000n\000e\0002}{subsection.6.3.1}
\BOOKMARK [3][-]{subsubsection.6.3.1.4}{\376\377\000i\000n\000f\000o}{subsection.6.3.1}
\BOOKMARK [3][-]{subsubsection.6.3.1.5}{\376\377\000i\000n\000f\000o\0002}{subsection.6.3.1}
\BOOKMARK [3][-]{subsubsection.6.3.1.6}{\376\377\000l\000i\000n\000e}{subsection.6.3.1}
\BOOKMARK [1][-]{section.6.4}{\376\377\000D\000o\000k\000u\000m\000e\000n\000t\000a\000c\000j\000a\000\040\000p\000l\000i\000k\000u\000\040\000/\000h\000o\000m\000e\000/\000p\000a\000w\000e\000l\000/\000D\000o\000k\000u\000m\000e\000n\000t\000y\000/\000U\000c\000z\000e\000l\000n\000i\000a\000/\000g\000r\000u\000p\000a\000p\000p\000z\000/\000S\000o\000u\000r\000c\000e\000/\000A\000s\000s\0008\000-\000s\000e\000r\000v\000e\000r\000/\000i\000n\000c\000l\000u\000d\000e\000/\000m\000d\0005\000/\000m\000d\0005\000.\000c\000p\000p}{chapter.6}
\BOOKMARK [2][-]{subsection.6.4.1}{\376\377\000D\000o\000k\000u\000m\000e\000n\000t\000a\000c\000j\000a\000\040\000d\000e\000f\000i\000n\000i\000c\000j\000i}{section.6.4}
\BOOKMARK [3][-]{subsubsection.6.4.1.1}{\376\377\000F}{subsection.6.4.1}
\BOOKMARK [3][-]{subsubsection.6.4.1.2}{\376\377\000F\000F}{subsection.6.4.1}
\BOOKMARK [3][-]{subsubsection.6.4.1.3}{\376\377\000G}{subsection.6.4.1}
\BOOKMARK [3][-]{subsubsection.6.4.1.4}{\376\377\000G\000G}{subsection.6.4.1}
\BOOKMARK [3][-]{subsubsection.6.4.1.5}{\376\377\000H}{subsection.6.4.1}
\BOOKMARK [3][-]{subsubsection.6.4.1.6}{\376\377\000H\000H}{subsection.6.4.1}
\BOOKMARK [3][-]{subsubsection.6.4.1.7}{\376\377\000I}{subsection.6.4.1}
\BOOKMARK [3][-]{subsubsection.6.4.1.8}{\376\377\000I\000I}{subsection.6.4.1}
\BOOKMARK [3][-]{subsubsection.6.4.1.9}{\376\377\000R\000O\000T\000A\000T\000E\000\137\000L\000E\000F\000T}{subsection.6.4.1}
\BOOKMARK [3][-]{subsubsection.6.4.1.10}{\376\377\000S\0001\0001}{subsection.6.4.1}
\BOOKMARK [3][-]{subsubsection.6.4.1.11}{\376\377\000S\0001\0002}{subsection.6.4.1}
\BOOKMARK [3][-]{subsubsection.6.4.1.12}{\376\377\000S\0001\0003}{subsection.6.4.1}
\BOOKMARK [3][-]{subsubsection.6.4.1.13}{\376\377\000S\0001\0004}{subsection.6.4.1}
\BOOKMARK [3][-]{subsubsection.6.4.1.14}{\376\377\000S\0002\0001}{subsection.6.4.1}
\BOOKMARK [3][-]{subsubsection.6.4.1.15}{\376\377\000S\0002\0002}{subsection.6.4.1}
\BOOKMARK [3][-]{subsubsection.6.4.1.16}{\376\377\000S\0002\0003}{subsection.6.4.1}
\BOOKMARK [3][-]{subsubsection.6.4.1.17}{\376\377\000S\0002\0004}{subsection.6.4.1}
\BOOKMARK [3][-]{subsubsection.6.4.1.18}{\376\377\000S\0003\0001}{subsection.6.4.1}
\BOOKMARK [3][-]{subsubsection.6.4.1.19}{\376\377\000S\0003\0002}{subsection.6.4.1}
\BOOKMARK [3][-]{subsubsection.6.4.1.20}{\376\377\000S\0003\0003}{subsection.6.4.1}
\BOOKMARK [3][-]{subsubsection.6.4.1.21}{\376\377\000S\0003\0004}{subsection.6.4.1}
\BOOKMARK [3][-]{subsubsection.6.4.1.22}{\376\377\000S\0004\0001}{subsection.6.4.1}
\BOOKMARK [3][-]{subsubsection.6.4.1.23}{\376\377\000S\0004\0002}{subsection.6.4.1}
\BOOKMARK [3][-]{subsubsection.6.4.1.24}{\376\377\000S\0004\0003}{subsection.6.4.1}
\BOOKMARK [3][-]{subsubsection.6.4.1.25}{\376\377\000S\0004\0004}{subsection.6.4.1}
\BOOKMARK [2][-]{subsection.6.4.2}{\376\377\000D\000o\000k\000u\000m\000e\000n\000t\000a\000c\000j\000a\000\040\000z\000m\000i\000e\000n\000n\000y\000c\000h}{section.6.4}
\BOOKMARK [3][-]{subsubsection.6.4.2.1}{\376\377\000P\000A\000D\000D\000I\000N\000G}{subsection.6.4.2}
\BOOKMARK [1][-]{section.6.5}{\376\377\000D\000o\000k\000u\000m\000e\000n\000t\000a\000c\000j\000a\000\040\000p\000l\000i\000k\000u\000\040\000/\000h\000o\000m\000e\000/\000p\000a\000w\000e\000l\000/\000D\000o\000k\000u\000m\000e\000n\000t\000y\000/\000U\000c\000z\000e\000l\000n\000i\000a\000/\000g\000r\000u\000p\000a\000p\000p\000z\000/\000S\000o\000u\000r\000c\000e\000/\000A\000s\000s\0008\000-\000s\000e\000r\000v\000e\000r\000/\000i\000n\000c\000l\000u\000d\000e\000/\000m\000d\0005\000/\000m\000d\0005\000.\000h}{chapter.6}
\BOOKMARK [2][-]{subsection.6.5.1}{\376\377\000D\000o\000k\000u\000m\000e\000n\000t\000a\000c\000j\000a\000\040\000d\000e\000f\000i\000n\000i\000c\000j\000i\000\040\000t\000y\000p\000\363\000w}{section.6.5}
\BOOKMARK [3][-]{subsubsection.6.5.1.1}{\376\377\000P\000O\000I\000N\000T\000E\000R}{subsection.6.5.1}
\BOOKMARK [1][-]{section.6.6}{\376\377\000D\000o\000k\000u\000m\000e\000n\000t\000a\000c\000j\000a\000\040\000p\000l\000i\000k\000u\000\040\000/\000h\000o\000m\000e\000/\000p\000a\000w\000e\000l\000/\000D\000o\000k\000u\000m\000e\000n\000t\000y\000/\000U\000c\000z\000e\000l\000n\000i\000a\000/\000g\000r\000u\000p\000a\000p\000p\000z\000/\000S\000o\000u\000r\000c\000e\000/\000A\000s\000s\0008\000-\000s\000e\000r\000v\000e\000r\000/\000i\000n\000c\000l\000u\000d\000e\000/\000m\000d\0005\000/\000m\000d\0005\000w\000r\000a\000p\000p\000e\000r\000.\000c\000p\000p}{chapter.6}
\BOOKMARK [1][-]{section.6.7}{\376\377\000D\000o\000k\000u\000m\000e\000n\000t\000a\000c\000j\000a\000\040\000p\000l\000i\000k\000u\000\040\000/\000h\000o\000m\000e\000/\000p\000a\000w\000e\000l\000/\000D\000o\000k\000u\000m\000e\000n\000t\000y\000/\000U\000c\000z\000e\000l\000n\000i\000a\000/\000g\000r\000u\000p\000a\000p\000p\000z\000/\000S\000o\000u\000r\000c\000e\000/\000A\000s\000s\0008\000-\000s\000e\000r\000v\000e\000r\000/\000i\000n\000c\000l\000u\000d\000e\000/\000m\000d\0005\000/\000m\000d\0005\000w\000r\000a\000p\000p\000e\000r\000.\000h}{chapter.6}
\BOOKMARK [1][-]{section.6.8}{\376\377\000D\000o\000k\000u\000m\000e\000n\000t\000a\000c\000j\000a\000\040\000p\000l\000i\000k\000u\000\040\000/\000h\000o\000m\000e\000/\000p\000a\000w\000e\000l\000/\000D\000o\000k\000u\000m\000e\000n\000t\000y\000/\000U\000c\000z\000e\000l\000n\000i\000a\000/\000g\000r\000u\000p\000a\000p\000p\000z\000/\000S\000o\000u\000r\000c\000e\000/\000A\000s\000s\0008\000-\000s\000e\000r\000v\000e\000r\000/\000m\000a\000i\000n\000.\000c\000p\000p}{chapter.6}
\BOOKMARK [2][-]{subsection.6.8.1}{\376\377\000D\000o\000k\000u\000m\000e\000n\000t\000a\000c\000j\000a\000\040\000f\000u\000n\000k\000c\000j\000i}{section.6.8}
\BOOKMARK [3][-]{subsubsection.6.8.1.1}{\376\377\000m\000a\000i\000n}{subsection.6.8.1}
\BOOKMARK [1][-]{section.6.9}{\376\377\000D\000o\000k\000u\000m\000e\000n\000t\000a\000c\000j\000a\000\040\000p\000l\000i\000k\000u\000\040\000/\000h\000o\000m\000e\000/\000p\000a\000w\000e\000l\000/\000D\000o\000k\000u\000m\000e\000n\000t\000y\000/\000U\000c\000z\000e\000l\000n\000i\000a\000/\000g\000r\000u\000p\000a\000p\000p\000z\000/\000S\000o\000u\000r\000c\000e\000/\000A\000s\000s\0008\000-\000s\000e\000r\000v\000e\000r\000/\000p\000a\000r\000s\000e\000r\000.\000c\000p\000p}{chapter.6}
\BOOKMARK [1][-]{section.6.10}{\376\377\000D\000o\000k\000u\000m\000e\000n\000t\000a\000c\000j\000a\000\040\000p\000l\000i\000k\000u\000\040\000/\000h\000o\000m\000e\000/\000p\000a\000w\000e\000l\000/\000D\000o\000k\000u\000m\000e\000n\000t\000y\000/\000U\000c\000z\000e\000l\000n\000i\000a\000/\000g\000r\000u\000p\000a\000p\000p\000z\000/\000S\000o\000u\000r\000c\000e\000/\000A\000s\000s\0008\000-\000s\000e\000r\000v\000e\000r\000/\000p\000a\000r\000s\000e\000r\000.\000h\000p\000p}{chapter.6}
\BOOKMARK [2][-]{subsection.6.10.1}{\376\377\000D\000o\000k\000u\000m\000e\000n\000t\000a\000c\000j\000a\000\040\000d\000e\000f\000i\000n\000i\000c\000j\000i}{section.6.10}
\BOOKMARK [3][-]{subsubsection.6.10.1.1}{\376\377\000B\000U\000F\000S\000I\000Z\000E}{subsection.6.10.1}
\BOOKMARK [3][-]{subsubsection.6.10.1.2}{\376\377\000B\000U\000F\000S\000I\000Z\000E\0002}{subsection.6.10.1}
\BOOKMARK [2][-]{subsection.6.10.2}{\376\377\000D\000o\000k\000u\000m\000e\000n\000t\000a\000c\000j\000a\000\040\000f\000u\000n\000k\000c\000j\000i}{section.6.10}
\BOOKMARK [3][-]{subsubsection.6.10.2.1}{\376\377\000e\000a\000t\000\137\000z\000o\000m\000b\000i\000e}{subsection.6.10.2}
\BOOKMARK [1][-]{section.6.11}{\376\377\000D\000o\000k\000u\000m\000e\000n\000t\000a\000c\000j\000a\000\040\000p\000l\000i\000k\000u\000\040\000/\000h\000o\000m\000e\000/\000p\000a\000w\000e\000l\000/\000D\000o\000k\000u\000m\000e\000n\000t\000y\000/\000U\000c\000z\000e\000l\000n\000i\000a\000/\000g\000r\000u\000p\000a\000p\000p\000z\000/\000S\000o\000u\000r\000c\000e\000/\000A\000s\000s\0008\000-\000s\000e\000r\000v\000e\000r\000/\000s\000e\000r\000v\000e\000r\000.\000h\000p\000p}{chapter.6}
\BOOKMARK [1][-]{section.6.12}{\376\377\000D\000o\000k\000u\000m\000e\000n\000t\000a\000c\000j\000a\000\040\000p\000l\000i\000k\000u\000\040\000/\000h\000o\000m\000e\000/\000p\000a\000w\000e\000l\000/\000D\000o\000k\000u\000m\000e\000n\000t\000y\000/\000U\000c\000z\000e\000l\000n\000i\000a\000/\000g\000r\000u\000p\000a\000p\000p\000z\000/\000S\000o\000u\000r\000c\000e\000/\000A\000s\000s\0008\000-\000s\000e\000r\000v\000e\000r\000/\000v\000e\000r\000s\000i\000o\000n\000.\000h}{chapter.6}
\BOOKMARK [2][-]{subsection.6.12.1}{\376\377\000D\000o\000k\000u\000m\000e\000n\000t\000a\000c\000j\000a\000\040\000d\000e\000f\000i\000n\000i\000c\000j\000i}{section.6.12}
\BOOKMARK [3][-]{subsubsection.6.12.1.1}{\376\377\000R\000C\000\137\000F\000I\000L\000E\000V\000E\000R\000S\000I\000O\000N}{subsection.6.12.1}
\BOOKMARK [3][-]{subsubsection.6.12.1.2}{\376\377\000R\000C\000\137\000F\000I\000L\000E\000V\000E\000R\000S\000I\000O\000N\000\137\000S\000T\000R\000I\000N\000G}{subsection.6.12.1}
\BOOKMARK [1][-]{section.6.13}{\376\377\000D\000o\000k\000u\000m\000e\000n\000t\000a\000c\000j\000a\000\040\000p\000l\000i\000k\000u\000\040\000/\000h\000o\000m\000e\000/\000p\000a\000w\000e\000l\000/\000D\000o\000k\000u\000m\000e\000n\000t\000y\000/\000U\000c\000z\000e\000l\000n\000i\000a\000/\000g\000r\000u\000p\000a\000p\000p\000z\000/\000S\000o\000u\000r\000c\000e\000/\000A\000s\000s\0008\000-\000s\000e\000r\000v\000e\000r\000/\000x\000m\000l\000.\000h\000p\000p}{chapter.6}
